2021-06-22 00:01:49,287 INFO [capacityManagement] start correct usage

2021-06-22 00:01:49,288 INFO [capacityManagement] end correct usage, cost: 0s

2021-06-22 00:01:50,428 WARN clearConfigHistory start

2021-06-22 00:01:50,439 WARN clearConfigHistory, getBeforeStamp:2021-05-23 00:01:50.0, totalCount:2, pageSize:1000, removeTime:1

2021-06-22 00:11:49,288 INFO [capacityManagement] start correct usage

2021-06-22 00:11:49,289 INFO [capacityManagement] end correct usage, cost: 0s

2021-06-22 00:11:50,454 WARN clearConfigHistory start

2021-06-22 00:11:50,463 WARN clearConfigHistory, getBeforeStamp:2021-05-23 00:11:50.0, totalCount:2, pageSize:1000, removeTime:1

2021-06-22 00:21:49,289 INFO [capacityManagement] start correct usage

2021-06-22 00:21:49,290 INFO [capacityManagement] end correct usage, cost: 0s

2021-06-22 00:21:50,491 WARN clearConfigHistory start

2021-06-22 00:21:50,499 WARN clearConfigHistory, getBeforeStamp:2021-05-23 00:21:50.0, totalCount:2, pageSize:1000, removeTime:1

2021-06-22 00:31:49,290 INFO [capacityManagement] start correct usage

2021-06-22 00:31:49,291 INFO [capacityManagement] end correct usage, cost: 0s

2021-06-22 00:31:50,520 WARN clearConfigHistory start

2021-06-22 00:31:50,523 WARN clearConfigHistory, getBeforeStamp:2021-05-23 00:31:50.0, totalCount:2, pageSize:1000, removeTime:1

2021-06-22 00:41:49,291 INFO [capacityManagement] start correct usage

2021-06-22 00:41:49,292 INFO [capacityManagement] end correct usage, cost: 0s

2021-06-22 00:41:50,529 WARN clearConfigHistory start

2021-06-22 00:41:50,538 WARN clearConfigHistory, getBeforeStamp:2021-05-23 00:41:50.0, totalCount:2, pageSize:1000, removeTime:1

2021-06-22 00:51:49,292 INFO [capacityManagement] start correct usage

2021-06-22 00:51:49,293 INFO [capacityManagement] end correct usage, cost: 0s

2021-06-22 00:51:50,547 WARN clearConfigHistory start

2021-06-22 00:51:50,555 WARN clearConfigHistory, getBeforeStamp:2021-05-23 00:51:50.0, totalCount:2, pageSize:1000, removeTime:1

2021-06-22 01:01:49,293 INFO [capacityManagement] start correct usage

2021-06-22 01:01:49,294 INFO [capacityManagement] end correct usage, cost: 0s

2021-06-22 01:01:50,564 WARN clearConfigHistory start

2021-06-22 01:01:50,567 WARN clearConfigHistory, getBeforeStamp:2021-05-23 01:01:50.0, totalCount:2, pageSize:1000, removeTime:1

2021-06-22 01:11:49,294 INFO [capacityManagement] start correct usage

2021-06-22 01:11:49,295 INFO [capacityManagement] end correct usage, cost: 0s

2021-06-22 01:11:50,572 WARN clearConfigHistory start

2021-06-22 01:11:50,581 WARN clearConfigHistory, getBeforeStamp:2021-05-23 01:11:50.0, totalCount:2, pageSize:1000, removeTime:1

2021-06-22 01:21:49,295 INFO [capacityManagement] start correct usage

2021-06-22 01:21:49,296 INFO [capacityManagement] end correct usage, cost: 0s

2021-06-22 01:21:50,592 WARN clearConfigHistory start

2021-06-22 01:21:50,601 WARN clearConfigHistory, getBeforeStamp:2021-05-23 01:21:50.0, totalCount:2, pageSize:1000, removeTime:1

2021-06-22 01:31:49,296 INFO [capacityManagement] start correct usage

2021-06-22 01:31:49,298 INFO [capacityManagement] end correct usage, cost: 0s

2021-06-22 01:31:50,612 WARN clearConfigHistory start

2021-06-22 01:31:50,617 WARN clearConfigHistory, getBeforeStamp:2021-05-23 01:31:50.0, totalCount:2, pageSize:1000, removeTime:1

2021-06-22 01:41:49,298 INFO [capacityManagement] start correct usage

2021-06-22 01:41:49,299 INFO [capacityManagement] end correct usage, cost: 0s

2021-06-22 01:41:50,627 WARN clearConfigHistory start

2021-06-22 01:41:50,635 WARN clearConfigHistory, getBeforeStamp:2021-05-23 01:41:50.0, totalCount:2, pageSize:1000, removeTime:1

2021-06-22 01:51:49,299 INFO [capacityManagement] start correct usage

2021-06-22 01:51:49,299 INFO [capacityManagement] end correct usage, cost: 0s

2021-06-22 01:51:50,645 WARN clearConfigHistory start

2021-06-22 01:51:50,654 WARN clearConfigHistory, getBeforeStamp:2021-05-23 01:51:50.0, totalCount:2, pageSize:1000, removeTime:1

2021-06-22 02:01:49,300 INFO [capacityManagement] start correct usage

2021-06-22 02:01:49,301 INFO [capacityManagement] end correct usage, cost: 0s

2021-06-22 02:01:50,663 WARN clearConfigHistory start

2021-06-22 02:01:50,666 WARN clearConfigHistory, getBeforeStamp:2021-05-23 02:01:50.0, totalCount:2, pageSize:1000, removeTime:1

2021-06-22 02:11:49,301 INFO [capacityManagement] start correct usage

2021-06-22 02:11:49,301 INFO [capacityManagement] end correct usage, cost: 0s

2021-06-22 02:11:50,671 WARN clearConfigHistory start

2021-06-22 02:11:50,680 WARN clearConfigHistory, getBeforeStamp:2021-05-23 02:11:50.0, totalCount:2, pageSize:1000, removeTime:1

2021-06-22 02:21:49,302 INFO [capacityManagement] start correct usage

2021-06-22 02:21:49,302 INFO [capacityManagement] end correct usage, cost: 0s

2021-06-22 02:21:50,690 WARN clearConfigHistory start

2021-06-22 02:21:50,699 WARN clearConfigHistory, getBeforeStamp:2021-05-23 02:21:50.0, totalCount:2, pageSize:1000, removeTime:1

2021-06-22 02:31:49,302 INFO [capacityManagement] start correct usage

2021-06-22 02:31:49,303 INFO [capacityManagement] end correct usage, cost: 0s

2021-06-22 02:31:50,711 WARN clearConfigHistory start

2021-06-22 02:31:50,714 WARN clearConfigHistory, getBeforeStamp:2021-05-23 02:31:50.0, totalCount:2, pageSize:1000, removeTime:1

2021-06-22 02:41:49,304 INFO [capacityManagement] start correct usage

2021-06-22 02:41:49,304 INFO [capacityManagement] end correct usage, cost: 0s

2021-06-22 02:41:50,725 WARN clearConfigHistory start

2021-06-22 02:41:50,734 WARN clearConfigHistory, getBeforeStamp:2021-05-23 02:41:50.0, totalCount:2, pageSize:1000, removeTime:1

2021-06-22 02:51:49,304 INFO [capacityManagement] start correct usage

2021-06-22 02:51:49,305 INFO [capacityManagement] end correct usage, cost: 0s

2021-06-22 02:51:50,745 WARN clearConfigHistory start

2021-06-22 02:51:50,762 WARN clearConfigHistory, getBeforeStamp:2021-05-23 02:51:50.0, totalCount:2, pageSize:1000, removeTime:1

2021-06-22 03:01:49,305 INFO [capacityManagement] start correct usage

2021-06-22 03:01:49,307 INFO [capacityManagement] end correct usage, cost: 0s

2021-06-22 03:01:50,793 WARN clearConfigHistory start

2021-06-22 03:01:50,797 WARN clearConfigHistory, getBeforeStamp:2021-05-23 03:01:50.0, totalCount:2, pageSize:1000, removeTime:1

2021-06-22 03:11:49,307 INFO [capacityManagement] start correct usage

2021-06-22 03:11:49,308 INFO [capacityManagement] end correct usage, cost: 0s

2021-06-22 03:11:50,802 WARN clearConfigHistory start

2021-06-22 03:11:50,812 WARN clearConfigHistory, getBeforeStamp:2021-05-23 03:11:50.0, totalCount:2, pageSize:1000, removeTime:1

2021-06-22 03:21:49,308 INFO [capacityManagement] start correct usage

2021-06-22 03:21:49,309 INFO [capacityManagement] end correct usage, cost: 0s

2021-06-22 03:21:50,823 WARN clearConfigHistory start

2021-06-22 03:21:50,832 WARN clearConfigHistory, getBeforeStamp:2021-05-23 03:21:50.0, totalCount:2, pageSize:1000, removeTime:1

2021-06-22 03:31:49,309 INFO [capacityManagement] start correct usage

2021-06-22 03:31:49,310 INFO [capacityManagement] end correct usage, cost: 0s

2021-06-22 03:31:50,842 WARN clearConfigHistory start

2021-06-22 03:31:50,845 WARN clearConfigHistory, getBeforeStamp:2021-05-23 03:31:50.0, totalCount:2, pageSize:1000, removeTime:1

2021-06-22 03:41:49,310 INFO [capacityManagement] start correct usage

2021-06-22 03:41:49,311 INFO [capacityManagement] end correct usage, cost: 0s

2021-06-22 03:41:50,851 WARN clearConfigHistory start

2021-06-22 03:41:50,861 WARN clearConfigHistory, getBeforeStamp:2021-05-23 03:41:50.0, totalCount:2, pageSize:1000, removeTime:1

2021-06-22 03:51:49,311 INFO [capacityManagement] start correct usage

2021-06-22 03:51:49,312 INFO [capacityManagement] end correct usage, cost: 0s

2021-06-22 03:51:50,870 WARN clearConfigHistory start

2021-06-22 03:51:50,881 WARN clearConfigHistory, getBeforeStamp:2021-05-23 03:51:50.0, totalCount:2, pageSize:1000, removeTime:1

2021-06-22 04:01:49,312 INFO [capacityManagement] start correct usage

2021-06-22 04:01:49,313 INFO [capacityManagement] end correct usage, cost: 0s

2021-06-22 04:01:50,890 WARN clearConfigHistory start

2021-06-22 04:01:50,892 WARN clearConfigHistory, getBeforeStamp:2021-05-23 04:01:50.0, totalCount:2, pageSize:1000, removeTime:1

2021-06-22 04:11:49,313 INFO [capacityManagement] start correct usage

2021-06-22 04:11:49,314 INFO [capacityManagement] end correct usage, cost: 0s

2021-06-22 04:11:50,899 WARN clearConfigHistory start

2021-06-22 04:11:50,909 WARN clearConfigHistory, getBeforeStamp:2021-05-23 04:11:50.0, totalCount:2, pageSize:1000, removeTime:1

2021-06-22 04:21:49,314 INFO [capacityManagement] start correct usage

2021-06-22 04:21:49,315 INFO [capacityManagement] end correct usage, cost: 0s

2021-06-22 04:21:50,922 WARN clearConfigHistory start

2021-06-22 04:21:50,931 WARN clearConfigHistory, getBeforeStamp:2021-05-23 04:21:50.0, totalCount:2, pageSize:1000, removeTime:1

2021-06-22 04:31:49,315 INFO [capacityManagement] start correct usage

2021-06-22 04:31:49,316 INFO [capacityManagement] end correct usage, cost: 0s

2021-06-22 04:31:50,942 WARN clearConfigHistory start

2021-06-22 04:31:50,945 WARN clearConfigHistory, getBeforeStamp:2021-05-23 04:31:50.0, totalCount:2, pageSize:1000, removeTime:1

2021-06-22 04:41:49,316 INFO [capacityManagement] start correct usage

2021-06-22 04:41:49,317 INFO [capacityManagement] end correct usage, cost: 0s

2021-06-22 04:41:50,952 WARN clearConfigHistory start

2021-06-22 04:41:50,961 WARN clearConfigHistory, getBeforeStamp:2021-05-23 04:41:50.0, totalCount:2, pageSize:1000, removeTime:1

2021-06-22 04:51:49,317 INFO [capacityManagement] start correct usage

2021-06-22 04:51:49,318 INFO [capacityManagement] end correct usage, cost: 0s

2021-06-22 04:51:50,970 WARN clearConfigHistory start

2021-06-22 04:51:50,979 WARN clearConfigHistory, getBeforeStamp:2021-05-23 04:51:50.0, totalCount:2, pageSize:1000, removeTime:1

2021-06-22 05:01:49,318 INFO [capacityManagement] start correct usage

2021-06-22 05:01:49,319 INFO [capacityManagement] end correct usage, cost: 0s

2021-06-22 05:01:50,989 WARN clearConfigHistory start

2021-06-22 05:01:50,992 WARN clearConfigHistory, getBeforeStamp:2021-05-23 05:01:50.0, totalCount:2, pageSize:1000, removeTime:1

2021-06-22 05:11:49,319 INFO [capacityManagement] start correct usage

2021-06-22 05:11:49,320 INFO [capacityManagement] end correct usage, cost: 0s

2021-06-22 05:11:51,001 WARN clearConfigHistory start

2021-06-22 05:21:49,320 INFO [capacityManagement] start correct usage

2021-06-22 05:21:49,321 INFO [capacityManagement] end correct usage, cost: 0s

2021-06-22 05:21:51,002 WARN clearConfigHistory start

2021-06-22 05:31:49,321 INFO [capacityManagement] start correct usage

2021-06-22 05:31:49,322 INFO [capacityManagement] end correct usage, cost: 0s

2021-06-22 05:31:51,002 WARN clearConfigHistory start

2021-06-22 05:41:49,322 INFO [capacityManagement] start correct usage

2021-06-22 05:41:49,333 INFO [capacityManagement] end correct usage, cost: 0s

2021-06-22 05:41:51,003 WARN clearConfigHistory start

2021-06-22 05:51:49,333 INFO [capacityManagement] start correct usage

2021-06-22 05:51:49,334 INFO [capacityManagement] end correct usage, cost: 0s

2021-06-22 05:51:51,003 WARN clearConfigHistory start

2021-06-22 06:01:49,334 INFO [capacityManagement] start correct usage

2021-06-22 06:01:49,335 INFO [capacityManagement] end correct usage, cost: 0s

2021-06-22 06:01:51,003 WARN clearConfigHistory start

2021-06-22 06:11:49,335 INFO [capacityManagement] start correct usage

2021-06-22 06:11:49,336 INFO [capacityManagement] end correct usage, cost: 0s

2021-06-22 06:11:51,004 WARN clearConfigHistory start

2021-06-22 06:21:49,336 INFO [capacityManagement] start correct usage

2021-06-22 06:21:49,337 INFO [capacityManagement] end correct usage, cost: 0s

2021-06-22 06:21:51,004 WARN clearConfigHistory start

2021-06-22 06:31:49,337 INFO [capacityManagement] start correct usage

2021-06-22 06:31:49,338 INFO [capacityManagement] end correct usage, cost: 0s

2021-06-22 06:31:51,005 WARN clearConfigHistory start

2021-06-22 06:41:49,338 INFO [capacityManagement] start correct usage

2021-06-22 06:41:49,339 INFO [capacityManagement] end correct usage, cost: 0s

2021-06-22 06:41:51,005 WARN clearConfigHistory start

2021-06-22 06:51:49,339 INFO [capacityManagement] start correct usage

2021-06-22 06:51:49,340 INFO [capacityManagement] end correct usage, cost: 0s

2021-06-22 06:51:51,005 WARN clearConfigHistory start

2021-06-22 07:01:49,340 INFO [capacityManagement] start correct usage

2021-06-22 07:01:49,341 INFO [capacityManagement] end correct usage, cost: 0s

2021-06-22 07:01:51,005 WARN clearConfigHistory start

2021-06-22 07:11:49,342 INFO [capacityManagement] start correct usage

2021-06-22 07:11:49,342 INFO [capacityManagement] end correct usage, cost: 0s

2021-06-22 07:11:51,006 WARN clearConfigHistory start

2021-06-22 07:21:49,343 INFO [capacityManagement] start correct usage

2021-06-22 07:21:49,343 INFO [capacityManagement] end correct usage, cost: 0s

2021-06-22 07:21:51,006 WARN clearConfigHistory start

2021-06-22 07:31:49,344 INFO [capacityManagement] start correct usage

2021-06-22 07:31:49,345 INFO [capacityManagement] end correct usage, cost: 0s

2021-06-22 07:31:51,006 WARN clearConfigHistory start

2021-06-22 07:41:49,345 INFO [capacityManagement] start correct usage

2021-06-22 07:41:49,346 INFO [capacityManagement] end correct usage, cost: 0s

2021-06-22 07:41:51,007 WARN clearConfigHistory start

2021-06-22 07:51:49,346 INFO [capacityManagement] start correct usage

2021-06-22 07:51:49,347 INFO [capacityManagement] end correct usage, cost: 0s

2021-06-22 07:51:51,007 WARN clearConfigHistory start

2021-06-22 08:01:49,347 INFO [capacityManagement] start correct usage

2021-06-22 08:01:49,348 INFO [capacityManagement] end correct usage, cost: 0s

2021-06-22 08:01:51,008 WARN clearConfigHistory start

2021-06-22 08:11:49,348 INFO [capacityManagement] start correct usage

2021-06-22 08:11:49,349 INFO [capacityManagement] end correct usage, cost: 0s

2021-06-22 08:11:51,008 WARN clearConfigHistory start

2021-06-22 08:21:49,349 INFO [capacityManagement] start correct usage

2021-06-22 08:21:49,349 INFO [capacityManagement] end correct usage, cost: 0s

2021-06-22 08:21:51,010 WARN clearConfigHistory start

2021-06-22 08:31:49,350 INFO [capacityManagement] start correct usage

2021-06-22 08:31:49,351 INFO [capacityManagement] end correct usage, cost: 0s

2021-06-22 08:31:51,019 WARN clearConfigHistory start

2021-06-22 08:41:49,351 INFO [capacityManagement] start correct usage

2021-06-22 08:41:49,352 INFO [capacityManagement] end correct usage, cost: 0s

2021-06-22 08:41:51,020 WARN clearConfigHistory start

2021-06-22 08:51:49,352 INFO [capacityManagement] start correct usage

2021-06-22 08:51:49,353 INFO [capacityManagement] end correct usage, cost: 0s

2021-06-22 08:51:51,020 WARN clearConfigHistory start

2021-06-22 09:01:49,353 INFO [capacityManagement] start correct usage

2021-06-22 09:01:49,354 INFO [capacityManagement] end correct usage, cost: 0s

2021-06-22 09:01:51,020 WARN clearConfigHistory start

2021-06-22 09:11:49,354 INFO [capacityManagement] start correct usage

2021-06-22 09:11:49,355 INFO [capacityManagement] end correct usage, cost: 0s

2021-06-22 09:11:51,021 WARN clearConfigHistory start

2021-06-22 09:21:49,355 INFO [capacityManagement] start correct usage

2021-06-22 09:21:49,356 INFO [capacityManagement] end correct usage, cost: 0s

2021-06-22 09:21:51,021 WARN clearConfigHistory start

2021-06-22 09:31:49,356 INFO [capacityManagement] start correct usage

2021-06-22 09:31:49,358 INFO [capacityManagement] end correct usage, cost: 0s

2021-06-22 09:31:51,021 WARN clearConfigHistory start

2021-06-22 09:41:49,358 INFO [capacityManagement] start correct usage

2021-06-22 09:41:49,358 INFO [capacityManagement] end correct usage, cost: 0s

2021-06-22 09:41:51,022 WARN clearConfigHistory start

2021-06-22 09:51:49,359 INFO [capacityManagement] start correct usage

2021-06-22 09:51:49,359 INFO [capacityManagement] end correct usage, cost: 0s

2021-06-22 09:51:51,022 WARN clearConfigHistory start

2021-06-22 10:01:49,360 INFO [capacityManagement] start correct usage

2021-06-22 10:01:49,361 INFO [capacityManagement] end correct usage, cost: 0s

2021-06-22 10:01:51,022 WARN clearConfigHistory start

2021-06-22 10:11:49,361 INFO [capacityManagement] start correct usage

2021-06-22 10:11:49,362 INFO [capacityManagement] end correct usage, cost: 0s

2021-06-22 10:11:51,023 WARN clearConfigHistory start

2021-06-22 10:21:49,362 INFO [capacityManagement] start correct usage

2021-06-22 10:21:49,364 INFO [capacityManagement] end correct usage, cost: 0s

2021-06-22 10:21:51,025 WARN clearConfigHistory start

2021-06-22 10:31:49,364 INFO [capacityManagement] start correct usage

2021-06-22 10:31:49,365 INFO [capacityManagement] end correct usage, cost: 0s

2021-06-22 10:31:51,026 WARN clearConfigHistory start

2021-06-22 10:41:49,365 INFO [capacityManagement] start correct usage

2021-06-22 10:41:49,366 INFO [capacityManagement] end correct usage, cost: 0s

2021-06-22 10:41:51,026 WARN clearConfigHistory start

2021-06-22 10:51:49,367 INFO [capacityManagement] start correct usage

2021-06-22 10:51:49,368 INFO [capacityManagement] end correct usage, cost: 0s

2021-06-22 10:51:51,026 WARN clearConfigHistory start

2021-06-22 11:01:49,368 INFO [capacityManagement] start correct usage

2021-06-22 11:01:49,369 INFO [capacityManagement] end correct usage, cost: 0s

2021-06-22 11:01:51,027 WARN clearConfigHistory start

2021-06-22 11:11:49,369 INFO [capacityManagement] start correct usage

2021-06-22 11:11:49,370 INFO [capacityManagement] end correct usage, cost: 0s

2021-06-22 11:11:51,027 WARN clearConfigHistory start

2021-06-22 11:21:49,370 INFO [capacityManagement] start correct usage

2021-06-22 11:21:49,371 INFO [capacityManagement] end correct usage, cost: 0s

2021-06-22 11:21:51,027 WARN clearConfigHistory start

2021-06-22 11:31:49,371 INFO [capacityManagement] start correct usage

2021-06-22 11:31:49,372 INFO [capacityManagement] end correct usage, cost: 0s

2021-06-22 11:31:51,028 WARN clearConfigHistory start

2021-06-22 11:41:49,373 INFO [capacityManagement] start correct usage

2021-06-22 11:41:49,373 INFO [capacityManagement] end correct usage, cost: 0s

2021-06-22 11:41:51,028 WARN clearConfigHistory start

2021-06-22 11:51:49,374 INFO [capacityManagement] start correct usage

2021-06-22 11:51:49,374 INFO [capacityManagement] end correct usage, cost: 0s

2021-06-22 11:51:51,028 WARN clearConfigHistory start

2021-06-22 12:00:32,222 ERROR CONSOLE

com.alibaba.nacos.api.exception.NacosException: Service DEFAULT_GROUP@@xdata-rest-service is not empty, can't be delete. Please unregister instance first
	at com.alibaba.nacos.naming.core.ServiceOperatorV2Impl.delete(ServiceOperatorV2Impl.java:85)
	at com.alibaba.nacos.naming.controllers.ServiceController.remove(ServiceController.java:133)
	at sun.reflect.NativeMethodAccessorImpl.invoke0(Native Method)
	at sun.reflect.NativeMethodAccessorImpl.invoke(NativeMethodAccessorImpl.java:62)
	at sun.reflect.DelegatingMethodAccessorImpl.invoke(DelegatingMethodAccessorImpl.java:43)
	at java.lang.reflect.Method.invoke(Method.java:498)
	at org.springframework.web.method.support.InvocableHandlerMethod.doInvoke(InvocableHandlerMethod.java:190)
	at org.springframework.web.method.support.InvocableHandlerMethod.invokeForRequest(InvocableHandlerMethod.java:138)
	at org.springframework.web.servlet.mvc.method.annotation.ServletInvocableHandlerMethod.invokeAndHandle(ServletInvocableHandlerMethod.java:105)
	at org.springframework.web.servlet.mvc.method.annotation.RequestMappingHandlerAdapter.invokeHandlerMethod(RequestMappingHandlerAdapter.java:892)
	at org.springframework.web.servlet.mvc.method.annotation.RequestMappingHandlerAdapter.handleInternal(RequestMappingHandlerAdapter.java:797)
	at org.springframework.web.servlet.mvc.method.AbstractHandlerMethodAdapter.handle(AbstractHandlerMethodAdapter.java:87)
	at org.springframework.web.servlet.DispatcherServlet.doDispatch(DispatcherServlet.java:1040)
	at org.springframework.web.servlet.DispatcherServlet.doService(DispatcherServlet.java:943)
	at org.springframework.web.servlet.FrameworkServlet.processRequest(FrameworkServlet.java:1006)
	at org.springframework.web.servlet.FrameworkServlet.doDelete(FrameworkServlet.java:931)
	at javax.servlet.http.HttpServlet.service(HttpServlet.java:658)
	at org.springframework.web.servlet.FrameworkServlet.service(FrameworkServlet.java:883)
	at javax.servlet.http.HttpServlet.service(HttpServlet.java:733)
	at org.apache.catalina.core.ApplicationFilterChain.internalDoFilter(ApplicationFilterChain.java:231)
	at org.apache.catalina.core.ApplicationFilterChain.doFilter(ApplicationFilterChain.java:166)
	at org.apache.tomcat.websocket.server.WsFilter.doFilter(WsFilter.java:53)
	at org.apache.catalina.core.ApplicationFilterChain.internalDoFilter(ApplicationFilterChain.java:193)
	at org.apache.catalina.core.ApplicationFilterChain.doFilter(ApplicationFilterChain.java:166)
	at org.springframework.web.filter.CorsFilter.doFilterInternal(CorsFilter.java:97)
	at org.springframework.web.filter.OncePerRequestFilter.doFilter(OncePerRequestFilter.java:119)
	at org.apache.catalina.core.ApplicationFilterChain.internalDoFilter(ApplicationFilterChain.java:193)
	at org.apache.catalina.core.ApplicationFilterChain.doFilter(ApplicationFilterChain.java:166)
	at org.springframework.boot.actuate.web.trace.servlet.HttpTraceFilter.doFilterInternal(HttpTraceFilter.java:88)
	at org.springframework.web.filter.OncePerRequestFilter.doFilter(OncePerRequestFilter.java:119)
	at org.apache.catalina.core.ApplicationFilterChain.internalDoFilter(ApplicationFilterChain.java:193)
	at org.apache.catalina.core.ApplicationFilterChain.doFilter(ApplicationFilterChain.java:166)
	at com.alibaba.nacos.naming.web.DistroFilter.doFilter(DistroFilter.java:96)
	at org.apache.catalina.core.ApplicationFilterChain.internalDoFilter(ApplicationFilterChain.java:193)
	at org.apache.catalina.core.ApplicationFilterChain.doFilter(ApplicationFilterChain.java:166)
	at com.alibaba.nacos.core.auth.AuthFilter.doFilter(AuthFilter.java:69)
	at org.apache.catalina.core.ApplicationFilterChain.internalDoFilter(ApplicationFilterChain.java:193)
	at org.apache.catalina.core.ApplicationFilterChain.doFilter(ApplicationFilterChain.java:166)
	at com.alibaba.nacos.naming.web.ServiceNameFilter.doFilter(ServiceNameFilter.java:68)
	at org.apache.catalina.core.ApplicationFilterChain.internalDoFilter(ApplicationFilterChain.java:193)
	at org.apache.catalina.core.ApplicationFilterChain.doFilter(ApplicationFilterChain.java:166)
	at com.alibaba.nacos.naming.web.TrafficReviseFilter.doFilter(TrafficReviseFilter.java:75)
	at org.apache.catalina.core.ApplicationFilterChain.internalDoFilter(ApplicationFilterChain.java:193)
	at org.apache.catalina.core.ApplicationFilterChain.doFilter(ApplicationFilterChain.java:166)
	at org.springframework.security.web.FilterChainProxy.doFilterInternal(FilterChainProxy.java:209)
	at org.springframework.security.web.FilterChainProxy.doFilter(FilterChainProxy.java:178)
	at org.springframework.web.filter.DelegatingFilterProxy.invokeDelegate(DelegatingFilterProxy.java:358)
	at org.springframework.web.filter.DelegatingFilterProxy.doFilter(DelegatingFilterProxy.java:271)
	at org.apache.catalina.core.ApplicationFilterChain.internalDoFilter(ApplicationFilterChain.java:193)
	at org.apache.catalina.core.ApplicationFilterChain.doFilter(ApplicationFilterChain.java:166)
	at org.springframework.web.filter.RequestContextFilter.doFilterInternal(RequestContextFilter.java:100)
	at org.springframework.web.filter.OncePerRequestFilter.doFilter(OncePerRequestFilter.java:119)
	at org.apache.catalina.core.ApplicationFilterChain.internalDoFilter(ApplicationFilterChain.java:193)
	at org.apache.catalina.core.ApplicationFilterChain.doFilter(ApplicationFilterChain.java:166)
	at org.springframework.web.filter.FormContentFilter.doFilterInternal(FormContentFilter.java:90)
	at org.springframework.web.filter.OncePerRequestFilter.doFilter(OncePerRequestFilter.java:119)
	at org.apache.catalina.core.ApplicationFilterChain.internalDoFilter(ApplicationFilterChain.java:193)
	at org.apache.catalina.core.ApplicationFilterChain.doFilter(ApplicationFilterChain.java:166)
	at org.springframework.web.filter.HiddenHttpMethodFilter.doFilterInternal(HiddenHttpMethodFilter.java:94)
	at org.springframework.web.filter.OncePerRequestFilter.doFilter(OncePerRequestFilter.java:119)
	at org.apache.catalina.core.ApplicationFilterChain.internalDoFilter(ApplicationFilterChain.java:193)
	at org.apache.catalina.core.ApplicationFilterChain.doFilter(ApplicationFilterChain.java:166)
	at org.springframework.boot.actuate.metrics.web.servlet.WebMvcMetricsFilter.filterAndRecordMetrics(WebMvcMetricsFilter.java:114)
	at org.springframework.boot.actuate.metrics.web.servlet.WebMvcMetricsFilter.doFilterInternal(WebMvcMetricsFilter.java:104)
	at org.springframework.web.filter.OncePerRequestFilter.doFilter(OncePerRequestFilter.java:119)
	at org.apache.catalina.core.ApplicationFilterChain.internalDoFilter(ApplicationFilterChain.java:193)
	at org.apache.catalina.core.ApplicationFilterChain.doFilter(ApplicationFilterChain.java:166)
	at org.springframework.web.filter.CharacterEncodingFilter.doFilterInternal(CharacterEncodingFilter.java:201)
	at org.springframework.web.filter.OncePerRequestFilter.doFilter(OncePerRequestFilter.java:119)
	at org.apache.catalina.core.ApplicationFilterChain.internalDoFilter(ApplicationFilterChain.java:193)
	at org.apache.catalina.core.ApplicationFilterChain.doFilter(ApplicationFilterChain.java:166)
	at org.apache.catalina.core.StandardWrapperValve.invoke(StandardWrapperValve.java:202)
	at org.apache.catalina.core.StandardContextValve.invoke(StandardContextValve.java:97)
	at org.apache.catalina.authenticator.AuthenticatorBase.invoke(AuthenticatorBase.java:541)
	at org.apache.catalina.core.StandardHostValve.invoke(StandardHostValve.java:143)
	at org.apache.catalina.valves.ErrorReportValve.invoke(ErrorReportValve.java:92)
	at org.apache.catalina.core.StandardEngineValve.invoke(StandardEngineValve.java:78)
	at org.apache.catalina.connector.CoyoteAdapter.service(CoyoteAdapter.java:343)
	at org.apache.coyote.http11.Http11Processor.service(Http11Processor.java:374)
	at org.apache.coyote.AbstractProcessorLight.process(AbstractProcessorLight.java:65)
	at org.apache.coyote.AbstractProtocol$ConnectionHandler.process(AbstractProtocol.java:868)
	at org.apache.tomcat.util.net.NioEndpoint$SocketProcessor.doRun(NioEndpoint.java:1590)
	at org.apache.tomcat.util.net.SocketProcessorBase.run(SocketProcessorBase.java:49)
	at java.util.concurrent.ThreadPoolExecutor.runWorker(ThreadPoolExecutor.java:1149)
	at java.util.concurrent.ThreadPoolExecutor$Worker.run(ThreadPoolExecutor.java:624)
	at org.apache.tomcat.util.threads.TaskThread$WrappingRunnable.run(TaskThread.java:61)
	at java.lang.Thread.run(Thread.java:748)
2021-06-22 12:01:49,375 INFO [capacityManagement] start correct usage

2021-06-22 12:01:49,376 INFO [capacityManagement] end correct usage, cost: 0s

2021-06-22 12:01:51,029 WARN clearConfigHistory start

2021-06-22 12:11:49,376 INFO [capacityManagement] start correct usage

2021-06-22 12:11:49,378 INFO [capacityManagement] end correct usage, cost: 0s

2021-06-22 12:11:51,029 WARN clearConfigHistory start

2021-06-22 12:21:49,381 INFO [capacityManagement] start correct usage

2021-06-22 12:21:49,381 INFO [capacityManagement] end correct usage, cost: 0s

2021-06-22 12:21:51,029 WARN clearConfigHistory start

2021-06-22 12:31:49,381 INFO [capacityManagement] start correct usage

2021-06-22 12:31:49,382 INFO [capacityManagement] end correct usage, cost: 0s

2021-06-22 12:31:51,030 WARN clearConfigHistory start

2021-06-22 12:41:49,384 INFO [capacityManagement] start correct usage

2021-06-22 12:41:49,385 INFO [capacityManagement] end correct usage, cost: 0s

2021-06-22 12:41:51,030 WARN clearConfigHistory start

2021-06-22 12:51:49,385 INFO [capacityManagement] start correct usage

2021-06-22 12:51:49,386 INFO [capacityManagement] end correct usage, cost: 0s

2021-06-22 12:51:51,031 WARN clearConfigHistory start

2021-06-22 13:01:49,386 INFO [capacityManagement] start correct usage

2021-06-22 13:01:49,420 INFO [capacityManagement] end correct usage, cost: 0s

2021-06-22 13:01:51,032 WARN clearConfigHistory start

2021-06-22 13:11:49,420 INFO [capacityManagement] start correct usage

2021-06-22 13:11:49,421 INFO [capacityManagement] end correct usage, cost: 0s

2021-06-22 13:11:51,032 WARN clearConfigHistory start

2021-06-22 13:21:49,421 INFO [capacityManagement] start correct usage

2021-06-22 13:21:49,422 INFO [capacityManagement] end correct usage, cost: 0s

2021-06-22 13:21:51,032 WARN clearConfigHistory start

2021-06-22 13:31:49,422 INFO [capacityManagement] start correct usage

2021-06-22 13:31:49,423 INFO [capacityManagement] end correct usage, cost: 0s

2021-06-22 13:31:51,033 WARN clearConfigHistory start

2021-06-22 13:41:49,423 INFO [capacityManagement] start correct usage

2021-06-22 13:41:49,424 INFO [capacityManagement] end correct usage, cost: 0s

2021-06-22 13:41:51,033 WARN clearConfigHistory start

2021-06-22 13:51:49,424 INFO [capacityManagement] start correct usage

2021-06-22 13:51:49,425 INFO [capacityManagement] end correct usage, cost: 0s

2021-06-22 13:51:51,033 WARN clearConfigHistory start

2021-06-22 14:01:49,425 INFO [capacityManagement] start correct usage

2021-06-22 14:01:49,426 INFO [capacityManagement] end correct usage, cost: 0s

2021-06-22 14:01:51,034 WARN clearConfigHistory start

2021-06-22 14:11:49,427 INFO [capacityManagement] start correct usage

2021-06-22 14:11:49,427 INFO [capacityManagement] end correct usage, cost: 0s

2021-06-22 14:11:51,034 WARN clearConfigHistory start

2021-06-22 14:21:49,427 INFO [capacityManagement] start correct usage

2021-06-22 14:21:49,428 INFO [capacityManagement] end correct usage, cost: 0s

2021-06-22 14:21:51,037 WARN clearConfigHistory start

2021-06-22 14:31:49,428 INFO [capacityManagement] start correct usage

2021-06-22 14:31:49,429 INFO [capacityManagement] end correct usage, cost: 0s

2021-06-22 14:31:51,038 WARN clearConfigHistory start

2021-06-22 14:41:49,429 INFO [capacityManagement] start correct usage

2021-06-22 14:41:49,430 INFO [capacityManagement] end correct usage, cost: 0s

2021-06-22 14:41:51,038 WARN clearConfigHistory start

2021-06-22 14:51:49,430 INFO [capacityManagement] start correct usage

2021-06-22 14:51:49,431 INFO [capacityManagement] end correct usage, cost: 0s

2021-06-22 14:51:51,038 WARN clearConfigHistory start

2021-06-22 15:01:49,431 INFO [capacityManagement] start correct usage

2021-06-22 15:01:49,432 INFO [capacityManagement] end correct usage, cost: 0s

2021-06-22 15:01:51,039 WARN clearConfigHistory start

2021-06-22 15:11:49,432 INFO [capacityManagement] start correct usage

2021-06-22 15:11:49,433 INFO [capacityManagement] end correct usage, cost: 0s

2021-06-22 15:11:51,039 WARN clearConfigHistory start

2021-06-22 15:21:49,433 INFO [capacityManagement] start correct usage

2021-06-22 15:21:49,434 INFO [capacityManagement] end correct usage, cost: 0s

2021-06-22 15:21:51,039 WARN clearConfigHistory start

2021-06-22 15:31:49,434 INFO [capacityManagement] start correct usage

2021-06-22 15:31:49,435 INFO [capacityManagement] end correct usage, cost: 0s

2021-06-22 15:31:51,040 WARN clearConfigHistory start

2021-06-22 15:41:49,435 INFO [capacityManagement] start correct usage

2021-06-22 15:41:49,436 INFO [capacityManagement] end correct usage, cost: 0s

2021-06-22 15:41:51,040 WARN clearConfigHistory start

2021-06-22 15:51:49,436 INFO [capacityManagement] start correct usage

2021-06-22 15:51:49,437 INFO [capacityManagement] end correct usage, cost: 0s

2021-06-22 15:51:51,040 WARN clearConfigHistory start

2021-06-22 16:01:49,437 INFO [capacityManagement] start correct usage

2021-06-22 16:01:49,438 INFO [capacityManagement] end correct usage, cost: 0s

2021-06-22 16:01:51,041 WARN clearConfigHistory start

2021-06-22 16:11:49,438 INFO [capacityManagement] start correct usage

2021-06-22 16:11:49,439 INFO [capacityManagement] end correct usage, cost: 0s

2021-06-22 16:11:51,041 WARN clearConfigHistory start

2021-06-22 16:21:49,440 INFO [capacityManagement] start correct usage

2021-06-22 16:21:49,440 INFO [capacityManagement] end correct usage, cost: 0s

2021-06-22 16:21:51,041 WARN clearConfigHistory start

2021-06-22 16:31:49,441 INFO [capacityManagement] start correct usage

2021-06-22 16:31:49,442 INFO [capacityManagement] end correct usage, cost: 0s

2021-06-22 16:31:51,042 WARN clearConfigHistory start

2021-06-22 16:41:49,442 INFO [capacityManagement] start correct usage

2021-06-22 16:41:49,443 INFO [capacityManagement] end correct usage, cost: 0s

2021-06-22 16:41:51,042 WARN clearConfigHistory start

2021-06-22 16:51:49,443 INFO [capacityManagement] start correct usage

2021-06-22 16:51:49,444 INFO [capacityManagement] end correct usage, cost: 0s

2021-06-22 16:51:51,042 WARN clearConfigHistory start

2021-06-22 17:01:49,444 INFO [capacityManagement] start correct usage

2021-06-22 17:01:49,445 INFO [capacityManagement] end correct usage, cost: 0s

2021-06-22 17:01:51,043 WARN clearConfigHistory start

