2021-06-22 05:07:08,087 ERROR Fail to refresh route configuration for group : naming_instance_metadata, status is : Status[UNKNOWN<-1>: null]

2021-06-22 05:07:08,171 ERROR ReadIndex has error : No leader at term 35.

2021-06-22 05:07:08,692 INFO This Raft event changes : RaftEvent{groupId='naming_persistent_service_v2', leader='nacos2:7848', term=33, raftClusterInfo=[nacos3:7848, nacos1:7848, nacos2:7848]}

2021-06-22 05:07:08,706 INFO This Raft event changes : RaftEvent{groupId='naming_instance_metadata', leader='nacos1:7848', term=33, raftClusterInfo=[nacos3:7848, nacos1:7848, nacos2:7848]}

2021-06-22 05:07:08,723 ERROR ReadIndex has error : No leader at term 35.

2021-06-22 05:07:08,740 ERROR Fail to refresh route configuration for group : naming_persistent_service_v2, status is : Status[UNKNOWN<-1>: handleRequest internal error]

2021-06-22 05:07:08,747 ERROR Fail to refresh route configuration for group : naming_persistent_service_v2, status is : Status[UNKNOWN<-1>: handleRequest internal error]

2021-06-22 05:07:08,841 ERROR Fail to refresh route configuration for group : naming_instance_metadata, status is : Status[UNKNOWN<-1>: handleRequest internal error]

2021-06-22 05:07:08,875 ERROR Fail to refresh leader for group : naming_persistent_service, status is : Status[UNKNOWN<-1>: Unknown leader, Unknown leader, Unknown leader]

2021-06-22 05:07:08,888 ERROR Fail to refresh route configuration for group : naming_persistent_service, status is : Status[UNKNOWN<-1>: handleRequest internal error]

2021-06-22 05:07:08,888 ERROR Fail to refresh route configuration for group : naming_service_metadata, status is : Status[UNKNOWN<-1>: handleRequest internal error]

2021-06-22 05:07:08,895 ERROR Fail to refresh leader for group : naming_persistent_service, status is : Status[UNKNOWN<-1>: Unknown leader, Unknown leader, Unknown leader]

2021-06-22 05:07:08,901 ERROR Fail to refresh route configuration for group : nacos_config, status is : Status[UNKNOWN<-1>: handleRequest internal error]

2021-06-22 05:07:08,909 ERROR Fail to refresh route configuration for group : naming_persistent_service, status is : Status[UNKNOWN<-1>: handleRequest internal error]

2021-06-22 05:07:08,914 ERROR Fail to refresh route configuration for group : naming_service_metadata, status is : Status[UNKNOWN<-1>: handleRequest internal error]

2021-06-22 05:07:08,921 INFO This Raft event changes : RaftEvent{groupId='naming_persistent_service', leader='nacos2:7848', term=34, raftClusterInfo=[nacos3:7848, nacos1:7848, nacos2:7848]}

2021-06-22 05:07:08,951 INFO This Raft event changes : RaftEvent{groupId='nacos_config', leader='nacos2:7848', term=36, raftClusterInfo=[nacos3:7848, nacos1:7848, nacos2:7848]}

2021-06-22 05:07:09,037 INFO This Raft event changes : RaftEvent{groupId='naming_instance_metadata', leader='nacos3:7848', term=34, raftClusterInfo=[nacos3:7848, nacos1:7848, nacos2:7848]}

2021-06-22 05:07:09,040 INFO This Raft event changes : RaftEvent{groupId='naming_persistent_service_v2', leader='nacos3:7848', term=34, raftClusterInfo=[nacos3:7848, nacos1:7848, nacos2:7848]}

2021-06-22 05:07:09,048 ERROR Fail to refresh route configuration for group : naming_service_metadata, status is : Status[UNKNOWN<-1>: handleRequest internal error]

2021-06-22 05:07:09,053 INFO This Raft event changes : RaftEvent{groupId='naming_service_metadata', leader='nacos2:7848', term=33, raftClusterInfo=[nacos3:7848, nacos1:7848, nacos2:7848]}

2021-06-22 05:07:10,126 ERROR ReadIndex has error : read-index request timeout

2021-06-22 05:07:10,716 ERROR ReadIndex has error : read-index request timeout

