
         ,--.
       ,--.'|
   ,--,:  : |                                           Nacos 2.0.1
,`--.'`|  ' :                       ,---.               Running in cluster mode, All function modules
|   :  :  | |                      '   ,'\   .--.--.    Port: 8848
:   |   \ | :  ,--.--.     ,---.  /   /   | /  /    '   Pid: 25
|   : '  '; | /       \   /     \.   ; ,. :|  :  /`./   Console: http://nacos3:8848/nacos/index.html
'   ' ;.    ;.--.  .-. | /    / ''   | |: :|  :  ;_
|   | | \   | \__\/: . ..    ' / '   | .; : \  \    `.      https://nacos.io
'   : |  ; .' ," .--.; |'   ; :__|   :    |  `----.   \
|   | '`--'  /  /  ,.  |'   | '.'|\   \  /  /  /`--'  /
'   : |     ;  :   .'   \   :    : `----'  '--'.     /
;   |.'     |  ,     .-./\   \  /            `--'---'
'---'        `--`---'     `----'

2021-05-14 09:30:56,763 INFO The server IP list of Nacos is [nacos1:8848, nacos2:8848, nacos3:8848]

2021-05-14 09:30:57,779 INFO Nacos is starting...

2021-05-14 09:30:58,956 INFO Nacos is starting...

2021-05-14 09:30:59,960 INFO Nacos is starting...

2021-05-14 09:31:00,966 INFO Nacos is starting...

2021-05-14 09:31:01,978 INFO Nacos is starting...

2021-05-14 09:31:03,055 INFO Nacos is starting...

2021-05-14 09:31:04,060 INFO Nacos is starting...

2021-05-14 09:31:05,061 INFO Nacos is starting...

2021-05-14 09:31:06,064 INFO Nacos is starting...

2021-05-14 09:31:07,118 INFO Nacos is starting...

2021-05-14 09:31:08,121 INFO Nacos is starting...

2021-05-14 09:31:09,122 INFO Nacos is starting...

2021-05-14 09:31:10,130 INFO Nacos is starting...

2021-05-14 09:31:11,133 INFO Nacos is starting...

2021-05-14 09:31:12,136 INFO Nacos is starting...

2021-05-14 09:31:13,143 INFO Nacos is starting...

2021-05-14 09:31:14,144 INFO Nacos is starting...

2021-05-14 09:31:15,146 INFO Nacos is starting...

2021-05-14 09:31:16,156 INFO Nacos is starting...

2021-05-14 09:31:17,165 INFO Nacos is starting...

2021-05-14 09:31:18,170 INFO Nacos is starting...

2021-05-14 09:31:19,180 INFO Nacos is starting...

2021-05-14 09:31:20,181 INFO Nacos is starting...

2021-05-14 09:31:21,182 INFO Nacos is starting...

2021-05-14 09:31:22,185 INFO Nacos is starting...

2021-05-14 09:31:23,185 INFO Nacos is starting...

2021-05-14 09:31:24,187 INFO Nacos is starting...

2021-05-14 09:31:25,188 INFO Nacos is starting...

2021-05-14 09:31:26,190 INFO Nacos is starting...

2021-05-14 09:31:27,191 INFO Nacos is starting...

2021-05-14 09:31:28,195 INFO Nacos is starting...

2021-05-14 09:31:29,199 INFO Nacos is starting...

2021-05-14 09:31:30,210 INFO Nacos is starting...

2021-05-14 09:31:31,259 INFO Nacos is starting...

2021-05-14 09:31:32,261 INFO Nacos is starting...

2021-05-14 09:31:33,262 INFO Nacos is starting...

2021-05-14 09:31:34,266 INFO Nacos is starting...

2021-05-14 09:31:35,268 INFO Nacos is starting...

2021-05-14 09:31:36,272 INFO Nacos is starting...

2021-05-14 09:31:37,273 INFO Nacos is starting...

2021-05-14 09:31:38,279 INFO Nacos is starting...

2021-05-14 09:31:39,284 INFO Nacos is starting...

2021-05-14 09:31:40,285 INFO Nacos is starting...

2021-05-14 09:31:41,286 INFO Nacos is starting...

2021-05-14 09:31:42,292 INFO Nacos is starting...

2021-05-14 09:31:43,293 INFO Nacos is starting...

2021-05-14 09:31:44,294 INFO Nacos is starting...

2021-05-14 09:31:44,415 INFO Nacos started successfully in cluster mode. use embedded storage

