2021-06-22 00:01:49,304 INFO [capacityManagement] start correct usage

2021-06-22 00:01:49,306 INFO [capacityManagement] end correct usage, cost: 0s

2021-06-22 00:01:54,805 WARN clearConfigHistory start

2021-06-22 00:11:49,306 INFO [capacityManagement] start correct usage

2021-06-22 00:11:49,307 INFO [capacityManagement] end correct usage, cost: 0s

2021-06-22 00:11:54,809 WARN clearConfigHistory start

2021-06-22 00:21:49,307 INFO [capacityManagement] start correct usage

2021-06-22 00:21:49,308 INFO [capacityManagement] end correct usage, cost: 0s

2021-06-22 00:21:54,812 WARN clearConfigHistory start

2021-06-22 00:31:49,308 INFO [capacityManagement] start correct usage

2021-06-22 00:31:49,309 INFO [capacityManagement] end correct usage, cost: 0s

2021-06-22 00:31:54,812 WARN clearConfigHistory start

2021-06-22 00:41:49,309 INFO [capacityManagement] start correct usage

2021-06-22 00:41:49,310 INFO [capacityManagement] end correct usage, cost: 0s

2021-06-22 00:41:54,812 WARN clearConfigHistory start

2021-06-22 00:51:49,310 INFO [capacityManagement] start correct usage

2021-06-22 00:51:49,311 INFO [capacityManagement] end correct usage, cost: 0s

2021-06-22 00:51:54,813 WARN clearConfigHistory start

2021-06-22 01:01:49,311 INFO [capacityManagement] start correct usage

2021-06-22 01:01:49,313 INFO [capacityManagement] end correct usage, cost: 0s

2021-06-22 01:01:54,813 WARN clearConfigHistory start

2021-06-22 01:11:49,313 INFO [capacityManagement] start correct usage

2021-06-22 01:11:49,313 INFO [capacityManagement] end correct usage, cost: 0s

2021-06-22 01:11:54,813 WARN clearConfigHistory start

2021-06-22 01:21:49,314 INFO [capacityManagement] start correct usage

2021-06-22 01:21:49,314 INFO [capacityManagement] end correct usage, cost: 0s

2021-06-22 01:21:54,813 WARN clearConfigHistory start

2021-06-22 01:31:49,314 INFO [capacityManagement] start correct usage

2021-06-22 01:31:49,316 INFO [capacityManagement] end correct usage, cost: 0s

2021-06-22 01:31:54,814 WARN clearConfigHistory start

2021-06-22 01:41:49,316 INFO [capacityManagement] start correct usage

2021-06-22 01:41:49,316 INFO [capacityManagement] end correct usage, cost: 0s

2021-06-22 01:41:54,814 WARN clearConfigHistory start

2021-06-22 01:51:49,317 INFO [capacityManagement] start correct usage

2021-06-22 01:51:49,317 INFO [capacityManagement] end correct usage, cost: 0s

2021-06-22 01:51:54,815 WARN clearConfigHistory start

2021-06-22 02:01:49,317 INFO [capacityManagement] start correct usage

2021-06-22 02:01:49,319 INFO [capacityManagement] end correct usage, cost: 0s

2021-06-22 02:01:54,815 WARN clearConfigHistory start

2021-06-22 02:11:49,319 INFO [capacityManagement] start correct usage

2021-06-22 02:11:49,319 INFO [capacityManagement] end correct usage, cost: 0s

2021-06-22 02:11:54,815 WARN clearConfigHistory start

2021-06-22 02:21:49,320 INFO [capacityManagement] start correct usage

2021-06-22 02:21:49,320 INFO [capacityManagement] end correct usage, cost: 0s

2021-06-22 02:21:54,816 WARN clearConfigHistory start

2021-06-22 02:31:49,320 INFO [capacityManagement] start correct usage

2021-06-22 02:31:49,322 INFO [capacityManagement] end correct usage, cost: 0s

2021-06-22 02:31:54,816 WARN clearConfigHistory start

2021-06-22 02:41:49,322 INFO [capacityManagement] start correct usage

2021-06-22 02:41:49,322 INFO [capacityManagement] end correct usage, cost: 0s

2021-06-22 02:41:54,816 WARN clearConfigHistory start

2021-06-22 02:51:49,323 INFO [capacityManagement] start correct usage

2021-06-22 02:51:49,323 INFO [capacityManagement] end correct usage, cost: 0s

2021-06-22 02:51:54,817 WARN clearConfigHistory start

2021-06-22 03:01:49,323 INFO [capacityManagement] start correct usage

2021-06-22 03:01:49,325 INFO [capacityManagement] end correct usage, cost: 0s

2021-06-22 03:01:54,818 WARN clearConfigHistory start

2021-06-22 03:11:49,325 INFO [capacityManagement] start correct usage

2021-06-22 03:11:49,325 INFO [capacityManagement] end correct usage, cost: 0s

2021-06-22 03:11:54,819 WARN clearConfigHistory start

2021-06-22 03:21:49,326 INFO [capacityManagement] start correct usage

2021-06-22 03:21:49,326 INFO [capacityManagement] end correct usage, cost: 0s

2021-06-22 03:21:54,824 WARN clearConfigHistory start

2021-06-22 03:31:49,326 INFO [capacityManagement] start correct usage

2021-06-22 03:31:49,327 INFO [capacityManagement] end correct usage, cost: 0s

2021-06-22 03:31:54,825 WARN clearConfigHistory start

2021-06-22 03:41:49,328 INFO [capacityManagement] start correct usage

2021-06-22 03:41:49,328 INFO [capacityManagement] end correct usage, cost: 0s

2021-06-22 03:41:54,825 WARN clearConfigHistory start

2021-06-22 03:51:49,329 INFO [capacityManagement] start correct usage

2021-06-22 03:51:49,329 INFO [capacityManagement] end correct usage, cost: 0s

2021-06-22 03:51:54,825 WARN clearConfigHistory start

2021-06-22 04:01:49,329 INFO [capacityManagement] start correct usage

2021-06-22 04:01:49,331 INFO [capacityManagement] end correct usage, cost: 0s

2021-06-22 04:01:54,826 WARN clearConfigHistory start

2021-06-22 04:11:49,331 INFO [capacityManagement] start correct usage

2021-06-22 04:11:49,332 INFO [capacityManagement] end correct usage, cost: 0s

2021-06-22 04:11:54,826 WARN clearConfigHistory start

2021-06-22 04:21:49,332 INFO [capacityManagement] start correct usage

2021-06-22 04:21:49,332 INFO [capacityManagement] end correct usage, cost: 0s

2021-06-22 04:21:54,826 WARN clearConfigHistory start

2021-06-22 04:31:49,333 INFO [capacityManagement] start correct usage

2021-06-22 04:31:49,334 INFO [capacityManagement] end correct usage, cost: 0s

2021-06-22 04:31:54,827 WARN clearConfigHistory start

2021-06-22 04:41:49,335 INFO [capacityManagement] start correct usage

2021-06-22 04:41:49,335 INFO [capacityManagement] end correct usage, cost: 0s

2021-06-22 04:41:54,827 WARN clearConfigHistory start

2021-06-22 04:51:49,335 INFO [capacityManagement] start correct usage

2021-06-22 04:51:49,336 INFO [capacityManagement] end correct usage, cost: 0s

2021-06-22 04:51:54,827 WARN clearConfigHistory start

2021-06-22 05:01:49,336 INFO [capacityManagement] start correct usage

2021-06-22 05:01:49,337 INFO [capacityManagement] end correct usage, cost: 0s

2021-06-22 05:01:54,828 WARN clearConfigHistory start

2021-06-22 05:07:08,232 WARN Stream Error

io.grpc.netty.shaded.io.netty.handler.codec.http2.Http2Exception$StreamException: Received DATA frame for an unknown stream 344017
	at io.grpc.netty.shaded.io.netty.handler.codec.http2.Http2Exception.streamError(Http2Exception.java:147)
	at io.grpc.netty.shaded.io.netty.handler.codec.http2.DefaultHttp2ConnectionDecoder$FrameReadListener.shouldIgnoreHeadersOrDataFrame(DefaultHttp2ConnectionDecoder.java:591)
	at io.grpc.netty.shaded.io.netty.handler.codec.http2.DefaultHttp2ConnectionDecoder$FrameReadListener.onDataRead(DefaultHttp2ConnectionDecoder.java:239)
	at io.grpc.netty.shaded.io.netty.handler.codec.http2.Http2InboundFrameLogger$1.onDataRead(Http2InboundFrameLogger.java:48)
	at io.grpc.netty.shaded.io.netty.handler.codec.http2.DefaultHttp2FrameReader.readDataFrame(DefaultHttp2FrameReader.java:422)
	at io.grpc.netty.shaded.io.netty.handler.codec.http2.DefaultHttp2FrameReader.processPayloadState(DefaultHttp2FrameReader.java:251)
	at io.grpc.netty.shaded.io.netty.handler.codec.http2.DefaultHttp2FrameReader.readFrame(DefaultHttp2FrameReader.java:160)
	at io.grpc.netty.shaded.io.netty.handler.codec.http2.Http2InboundFrameLogger.readFrame(Http2InboundFrameLogger.java:41)
	at io.grpc.netty.shaded.io.netty.handler.codec.http2.DefaultHttp2ConnectionDecoder.decodeFrame(DefaultHttp2ConnectionDecoder.java:174)
	at io.grpc.netty.shaded.io.netty.handler.codec.http2.Http2ConnectionHandler$FrameDecoder.decode(Http2ConnectionHandler.java:378)
	at io.grpc.netty.shaded.io.netty.handler.codec.http2.Http2ConnectionHandler.decode(Http2ConnectionHandler.java:438)
	at io.grpc.netty.shaded.io.netty.handler.codec.ByteToMessageDecoder.decodeRemovalReentryProtection(ByteToMessageDecoder.java:505)
	at io.grpc.netty.shaded.io.netty.handler.codec.ByteToMessageDecoder.callDecode(ByteToMessageDecoder.java:444)
	at io.grpc.netty.shaded.io.netty.handler.codec.ByteToMessageDecoder.channelRead(ByteToMessageDecoder.java:283)
	at io.grpc.netty.shaded.io.netty.channel.AbstractChannelHandlerContext.invokeChannelRead(AbstractChannelHandlerContext.java:374)
	at io.grpc.netty.shaded.io.netty.channel.AbstractChannelHandlerContext.invokeChannelRead(AbstractChannelHandlerContext.java:360)
	at io.grpc.netty.shaded.io.netty.channel.AbstractChannelHandlerContext.fireChannelRead(AbstractChannelHandlerContext.java:352)
	at io.grpc.netty.shaded.io.netty.channel.DefaultChannelPipeline$HeadContext.channelRead(DefaultChannelPipeline.java:1421)
	at io.grpc.netty.shaded.io.netty.channel.AbstractChannelHandlerContext.invokeChannelRead(AbstractChannelHandlerContext.java:374)
	at io.grpc.netty.shaded.io.netty.channel.AbstractChannelHandlerContext.invokeChannelRead(AbstractChannelHandlerContext.java:360)
	at io.grpc.netty.shaded.io.netty.channel.DefaultChannelPipeline.fireChannelRead(DefaultChannelPipeline.java:930)
	at io.grpc.netty.shaded.io.netty.channel.epoll.AbstractEpollStreamChannel$EpollStreamUnsafe.epollInReady(AbstractEpollStreamChannel.java:794)
	at io.grpc.netty.shaded.io.netty.channel.epoll.EpollEventLoop.processReady(EpollEventLoop.java:424)
	at io.grpc.netty.shaded.io.netty.channel.epoll.EpollEventLoop.run(EpollEventLoop.java:326)
	at io.grpc.netty.shaded.io.netty.util.concurrent.SingleThreadEventExecutor$5.run(SingleThreadEventExecutor.java:918)
	at io.grpc.netty.shaded.io.netty.util.internal.ThreadExecutorMap$2.run(ThreadExecutorMap.java:74)
	at io.grpc.netty.shaded.io.netty.util.concurrent.FastThreadLocalRunnable.run(FastThreadLocalRunnable.java:30)
	at java.lang.Thread.run(Thread.java:748)
2021-06-22 05:11:49,337 INFO [capacityManagement] start correct usage

2021-06-22 05:11:49,338 INFO [capacityManagement] end correct usage, cost: 0s

2021-06-22 05:11:54,828 WARN clearConfigHistory start

2021-06-22 05:21:49,338 INFO [capacityManagement] start correct usage

2021-06-22 05:21:49,339 INFO [capacityManagement] end correct usage, cost: 0s

2021-06-22 05:21:54,828 WARN clearConfigHistory start

2021-06-22 05:31:49,339 INFO [capacityManagement] start correct usage

2021-06-22 05:31:49,340 INFO [capacityManagement] end correct usage, cost: 0s

2021-06-22 05:31:54,829 WARN clearConfigHistory start

2021-06-22 05:41:49,346 INFO [capacityManagement] start correct usage

2021-06-22 05:41:49,347 INFO [capacityManagement] end correct usage, cost: 0s

2021-06-22 05:41:54,829 WARN clearConfigHistory start

2021-06-22 05:51:49,347 INFO [capacityManagement] start correct usage

2021-06-22 05:51:49,348 INFO [capacityManagement] end correct usage, cost: 0s

2021-06-22 05:51:54,829 WARN clearConfigHistory start

2021-06-22 06:01:49,348 INFO [capacityManagement] start correct usage

2021-06-22 06:01:49,350 INFO [capacityManagement] end correct usage, cost: 0s

2021-06-22 06:01:54,830 WARN clearConfigHistory start

2021-06-22 06:11:49,351 INFO [capacityManagement] start correct usage

2021-06-22 06:11:49,352 INFO [capacityManagement] end correct usage, cost: 0s

2021-06-22 06:11:54,830 WARN clearConfigHistory start

2021-06-22 06:21:49,352 INFO [capacityManagement] start correct usage

2021-06-22 06:21:49,353 INFO [capacityManagement] end correct usage, cost: 0s

2021-06-22 06:21:54,830 WARN clearConfigHistory start

2021-06-22 06:31:49,353 INFO [capacityManagement] start correct usage

2021-06-22 06:31:49,354 INFO [capacityManagement] end correct usage, cost: 0s

2021-06-22 06:31:54,834 WARN clearConfigHistory start

2021-06-22 06:41:49,354 INFO [capacityManagement] start correct usage

2021-06-22 06:41:49,355 INFO [capacityManagement] end correct usage, cost: 0s

2021-06-22 06:41:54,838 WARN clearConfigHistory start

2021-06-22 06:51:49,355 INFO [capacityManagement] start correct usage

2021-06-22 06:51:49,356 INFO [capacityManagement] end correct usage, cost: 0s

2021-06-22 06:51:54,839 WARN clearConfigHistory start

2021-06-22 07:01:49,356 INFO [capacityManagement] start correct usage

2021-06-22 07:01:49,357 INFO [capacityManagement] end correct usage, cost: 0s

2021-06-22 07:01:54,839 WARN clearConfigHistory start

2021-06-22 07:11:49,357 INFO [capacityManagement] start correct usage

2021-06-22 07:11:49,358 INFO [capacityManagement] end correct usage, cost: 0s

2021-06-22 07:11:54,839 WARN clearConfigHistory start

2021-06-22 07:21:49,358 INFO [capacityManagement] start correct usage

2021-06-22 07:21:49,359 INFO [capacityManagement] end correct usage, cost: 0s

2021-06-22 07:21:54,840 WARN clearConfigHistory start

2021-06-22 07:31:49,359 INFO [capacityManagement] start correct usage

2021-06-22 07:31:49,361 INFO [capacityManagement] end correct usage, cost: 0s

2021-06-22 07:31:54,840 WARN clearConfigHistory start

2021-06-22 07:41:49,361 INFO [capacityManagement] start correct usage

2021-06-22 07:41:49,362 INFO [capacityManagement] end correct usage, cost: 0s

2021-06-22 07:41:54,841 WARN clearConfigHistory start

2021-06-22 07:51:49,362 INFO [capacityManagement] start correct usage

2021-06-22 07:51:49,363 INFO [capacityManagement] end correct usage, cost: 0s

2021-06-22 07:51:54,841 WARN clearConfigHistory start

2021-06-22 08:01:49,363 INFO [capacityManagement] start correct usage

2021-06-22 08:01:49,364 INFO [capacityManagement] end correct usage, cost: 0s

2021-06-22 08:01:54,842 WARN clearConfigHistory start

2021-06-22 08:11:49,364 INFO [capacityManagement] start correct usage

2021-06-22 08:11:49,365 INFO [capacityManagement] end correct usage, cost: 0s

2021-06-22 08:11:54,842 WARN clearConfigHistory start

2021-06-22 08:21:49,365 INFO [capacityManagement] start correct usage

2021-06-22 08:21:49,366 INFO [capacityManagement] end correct usage, cost: 0s

2021-06-22 08:21:54,842 WARN clearConfigHistory start

2021-06-22 08:31:49,366 INFO [capacityManagement] start correct usage

2021-06-22 08:31:49,367 INFO [capacityManagement] end correct usage, cost: 0s

2021-06-22 08:31:54,843 WARN clearConfigHistory start

2021-06-22 08:41:49,367 INFO [capacityManagement] start correct usage

2021-06-22 08:41:49,368 INFO [capacityManagement] end correct usage, cost: 0s

2021-06-22 08:41:54,843 WARN clearConfigHistory start

2021-06-22 08:51:49,368 INFO [capacityManagement] start correct usage

2021-06-22 08:51:49,369 INFO [capacityManagement] end correct usage, cost: 0s

2021-06-22 08:51:54,844 WARN clearConfigHistory start

2021-06-22 09:01:49,369 INFO [capacityManagement] start correct usage

2021-06-22 09:01:49,370 INFO [capacityManagement] end correct usage, cost: 0s

2021-06-22 09:01:54,844 WARN clearConfigHistory start

2021-06-22 09:11:49,371 INFO [capacityManagement] start correct usage

2021-06-22 09:11:49,372 INFO [capacityManagement] end correct usage, cost: 0s

2021-06-22 09:11:54,844 WARN clearConfigHistory start

2021-06-22 09:21:49,372 INFO [capacityManagement] start correct usage

2021-06-22 09:21:49,372 INFO [capacityManagement] end correct usage, cost: 0s

2021-06-22 09:21:54,845 WARN clearConfigHistory start

2021-06-22 09:31:49,373 INFO [capacityManagement] start correct usage

2021-06-22 09:31:49,405 INFO [capacityManagement] end correct usage, cost: 0s

2021-06-22 09:31:54,845 WARN clearConfigHistory start

2021-06-22 09:41:49,405 INFO [capacityManagement] start correct usage

2021-06-22 09:41:49,406 INFO [capacityManagement] end correct usage, cost: 0s

2021-06-22 09:41:54,845 WARN clearConfigHistory start

2021-06-22 09:51:49,406 INFO [capacityManagement] start correct usage

2021-06-22 09:51:49,407 INFO [capacityManagement] end correct usage, cost: 0s

2021-06-22 09:51:54,845 WARN clearConfigHistory start

2021-06-22 10:01:49,408 INFO [capacityManagement] start correct usage

2021-06-22 10:01:49,409 INFO [capacityManagement] end correct usage, cost: 0s

2021-06-22 10:01:54,846 WARN clearConfigHistory start

2021-06-22 10:11:49,409 INFO [capacityManagement] start correct usage

2021-06-22 10:11:49,410 INFO [capacityManagement] end correct usage, cost: 0s

2021-06-22 10:11:54,846 WARN clearConfigHistory start

2021-06-22 10:21:49,411 INFO [capacityManagement] start correct usage

2021-06-22 10:21:49,411 INFO [capacityManagement] end correct usage, cost: 0s

2021-06-22 10:21:54,847 WARN clearConfigHistory start

2021-06-22 10:31:49,411 INFO [capacityManagement] start correct usage

2021-06-22 10:31:49,413 INFO [capacityManagement] end correct usage, cost: 0s

2021-06-22 10:31:54,847 WARN clearConfigHistory start

2021-06-22 10:41:49,413 INFO [capacityManagement] start correct usage

2021-06-22 10:41:49,414 INFO [capacityManagement] end correct usage, cost: 0s

2021-06-22 10:41:54,847 WARN clearConfigHistory start

2021-06-22 10:51:49,414 INFO [capacityManagement] start correct usage

2021-06-22 10:51:49,415 INFO [capacityManagement] end correct usage, cost: 0s

2021-06-22 10:51:54,848 WARN clearConfigHistory start

2021-06-22 11:01:49,415 INFO [capacityManagement] start correct usage

2021-06-22 11:01:49,416 INFO [capacityManagement] end correct usage, cost: 0s

2021-06-22 11:01:54,848 WARN clearConfigHistory start

2021-06-22 11:11:49,417 INFO [capacityManagement] start correct usage

2021-06-22 11:11:49,418 INFO [capacityManagement] end correct usage, cost: 0s

2021-06-22 11:11:54,848 WARN clearConfigHistory start

2021-06-22 11:21:49,418 INFO [capacityManagement] start correct usage

2021-06-22 11:21:49,419 INFO [capacityManagement] end correct usage, cost: 0s

2021-06-22 11:21:54,849 WARN clearConfigHistory start

2021-06-22 11:31:49,419 INFO [capacityManagement] start correct usage

2021-06-22 11:31:49,421 INFO [capacityManagement] end correct usage, cost: 0s

2021-06-22 11:31:54,849 WARN clearConfigHistory start

2021-06-22 11:41:49,421 INFO [capacityManagement] start correct usage

2021-06-22 11:41:49,422 INFO [capacityManagement] end correct usage, cost: 0s

2021-06-22 11:41:54,850 WARN clearConfigHistory start

2021-06-22 11:51:49,423 INFO [capacityManagement] start correct usage

2021-06-22 11:51:49,424 INFO [capacityManagement] end correct usage, cost: 0s

2021-06-22 11:51:54,850 WARN clearConfigHistory start

2021-06-22 12:01:49,429 INFO [capacityManagement] start correct usage

2021-06-22 12:01:49,430 INFO [capacityManagement] end correct usage, cost: 0s

2021-06-22 12:01:54,850 WARN clearConfigHistory start

2021-06-22 12:11:49,431 INFO [capacityManagement] start correct usage

2021-06-22 12:11:49,432 INFO [capacityManagement] end correct usage, cost: 0s

2021-06-22 12:11:54,851 WARN clearConfigHistory start

2021-06-22 12:21:49,433 INFO [capacityManagement] start correct usage

2021-06-22 12:21:49,434 INFO [capacityManagement] end correct usage, cost: 0s

2021-06-22 12:21:54,856 WARN clearConfigHistory start

2021-06-22 12:31:49,434 INFO [capacityManagement] start correct usage

2021-06-22 12:31:49,436 INFO [capacityManagement] end correct usage, cost: 0s

2021-06-22 12:31:54,857 WARN clearConfigHistory start

2021-06-22 12:41:49,436 INFO [capacityManagement] start correct usage

2021-06-22 12:41:49,436 INFO [capacityManagement] end correct usage, cost: 0s

2021-06-22 12:41:54,857 WARN clearConfigHistory start

2021-06-22 12:51:49,437 INFO [capacityManagement] start correct usage

2021-06-22 12:51:49,437 INFO [capacityManagement] end correct usage, cost: 0s

2021-06-22 12:51:54,857 WARN clearConfigHistory start

2021-06-22 13:01:49,437 INFO [capacityManagement] start correct usage

2021-06-22 13:01:49,481 INFO [capacityManagement] end correct usage, cost: 0s

2021-06-22 13:01:54,865 WARN clearConfigHistory start

2021-06-22 13:11:49,481 INFO [capacityManagement] start correct usage

2021-06-22 13:11:49,482 INFO [capacityManagement] end correct usage, cost: 0s

2021-06-22 13:11:54,865 WARN clearConfigHistory start

2021-06-22 13:21:49,482 INFO [capacityManagement] start correct usage

2021-06-22 13:21:49,483 INFO [capacityManagement] end correct usage, cost: 0s

2021-06-22 13:21:54,866 WARN clearConfigHistory start

2021-06-22 13:31:49,483 INFO [capacityManagement] start correct usage

2021-06-22 13:31:49,484 INFO [capacityManagement] end correct usage, cost: 0s

2021-06-22 13:31:54,866 WARN clearConfigHistory start

2021-06-22 13:41:49,485 INFO [capacityManagement] start correct usage

2021-06-22 13:41:49,485 INFO [capacityManagement] end correct usage, cost: 0s

2021-06-22 13:41:54,866 WARN clearConfigHistory start

2021-06-22 13:51:49,486 INFO [capacityManagement] start correct usage

2021-06-22 13:51:49,486 INFO [capacityManagement] end correct usage, cost: 0s

2021-06-22 13:51:54,867 WARN clearConfigHistory start

2021-06-22 14:01:49,487 INFO [capacityManagement] start correct usage

2021-06-22 14:01:49,488 INFO [capacityManagement] end correct usage, cost: 0s

2021-06-22 14:01:54,867 WARN clearConfigHistory start

2021-06-22 14:11:49,488 INFO [capacityManagement] start correct usage

2021-06-22 14:11:49,489 INFO [capacityManagement] end correct usage, cost: 0s

2021-06-22 14:11:54,868 WARN clearConfigHistory start

2021-06-22 14:21:49,489 INFO [capacityManagement] start correct usage

2021-06-22 14:21:49,490 INFO [capacityManagement] end correct usage, cost: 0s

2021-06-22 14:21:54,868 WARN clearConfigHistory start

2021-06-22 14:31:49,490 INFO [capacityManagement] start correct usage

2021-06-22 14:31:49,491 INFO [capacityManagement] end correct usage, cost: 0s

2021-06-22 14:31:54,868 WARN clearConfigHistory start

2021-06-22 14:41:49,491 INFO [capacityManagement] start correct usage

2021-06-22 14:41:49,492 INFO [capacityManagement] end correct usage, cost: 0s

2021-06-22 14:41:54,869 WARN clearConfigHistory start

2021-06-22 14:51:49,493 INFO [capacityManagement] start correct usage

2021-06-22 14:51:49,493 INFO [capacityManagement] end correct usage, cost: 0s

2021-06-22 14:51:54,869 WARN clearConfigHistory start

2021-06-22 15:01:49,494 INFO [capacityManagement] start correct usage

2021-06-22 15:01:49,495 INFO [capacityManagement] end correct usage, cost: 0s

2021-06-22 15:01:54,869 WARN clearConfigHistory start

2021-06-22 15:11:49,495 INFO [capacityManagement] start correct usage

2021-06-22 15:11:49,495 INFO [capacityManagement] end correct usage, cost: 0s

2021-06-22 15:11:54,869 WARN clearConfigHistory start

2021-06-22 15:21:49,496 INFO [capacityManagement] start correct usage

2021-06-22 15:21:49,496 INFO [capacityManagement] end correct usage, cost: 0s

2021-06-22 15:21:54,870 WARN clearConfigHistory start

2021-06-22 15:31:49,496 INFO [capacityManagement] start correct usage

2021-06-22 15:31:49,497 INFO [capacityManagement] end correct usage, cost: 0s

2021-06-22 15:31:54,870 WARN clearConfigHistory start

2021-06-22 15:37:10,441 ERROR CONSOLE

com.alibaba.nacos.api.exception.NacosException: Service DEFAULT_GROUP@@xdata-essync-service is not empty, can't be delete. Please unregister instance first
	at com.alibaba.nacos.naming.core.ServiceOperatorV2Impl.delete(ServiceOperatorV2Impl.java:85)
	at com.alibaba.nacos.naming.controllers.ServiceController.remove(ServiceController.java:133)
	at sun.reflect.NativeMethodAccessorImpl.invoke0(Native Method)
	at sun.reflect.NativeMethodAccessorImpl.invoke(NativeMethodAccessorImpl.java:62)
	at sun.reflect.DelegatingMethodAccessorImpl.invoke(DelegatingMethodAccessorImpl.java:43)
	at java.lang.reflect.Method.invoke(Method.java:498)
	at org.springframework.web.method.support.InvocableHandlerMethod.doInvoke(InvocableHandlerMethod.java:190)
	at org.springframework.web.method.support.InvocableHandlerMethod.invokeForRequest(InvocableHandlerMethod.java:138)
	at org.springframework.web.servlet.mvc.method.annotation.ServletInvocableHandlerMethod.invokeAndHandle(ServletInvocableHandlerMethod.java:105)
	at org.springframework.web.servlet.mvc.method.annotation.RequestMappingHandlerAdapter.invokeHandlerMethod(RequestMappingHandlerAdapter.java:892)
	at org.springframework.web.servlet.mvc.method.annotation.RequestMappingHandlerAdapter.handleInternal(RequestMappingHandlerAdapter.java:797)
	at org.springframework.web.servlet.mvc.method.AbstractHandlerMethodAdapter.handle(AbstractHandlerMethodAdapter.java:87)
	at org.springframework.web.servlet.DispatcherServlet.doDispatch(DispatcherServlet.java:1040)
	at org.springframework.web.servlet.DispatcherServlet.doService(DispatcherServlet.java:943)
	at org.springframework.web.servlet.FrameworkServlet.processRequest(FrameworkServlet.java:1006)
	at org.springframework.web.servlet.FrameworkServlet.doDelete(FrameworkServlet.java:931)
	at javax.servlet.http.HttpServlet.service(HttpServlet.java:658)
	at org.springframework.web.servlet.FrameworkServlet.service(FrameworkServlet.java:883)
	at javax.servlet.http.HttpServlet.service(HttpServlet.java:733)
	at org.apache.catalina.core.ApplicationFilterChain.internalDoFilter(ApplicationFilterChain.java:231)
	at org.apache.catalina.core.ApplicationFilterChain.doFilter(ApplicationFilterChain.java:166)
	at org.apache.tomcat.websocket.server.WsFilter.doFilter(WsFilter.java:53)
	at org.apache.catalina.core.ApplicationFilterChain.internalDoFilter(ApplicationFilterChain.java:193)
	at org.apache.catalina.core.ApplicationFilterChain.doFilter(ApplicationFilterChain.java:166)
	at org.springframework.web.filter.CorsFilter.doFilterInternal(CorsFilter.java:97)
	at org.springframework.web.filter.OncePerRequestFilter.doFilter(OncePerRequestFilter.java:119)
	at org.apache.catalina.core.ApplicationFilterChain.internalDoFilter(ApplicationFilterChain.java:193)
	at org.apache.catalina.core.ApplicationFilterChain.doFilter(ApplicationFilterChain.java:166)
	at org.springframework.boot.actuate.web.trace.servlet.HttpTraceFilter.doFilterInternal(HttpTraceFilter.java:88)
	at org.springframework.web.filter.OncePerRequestFilter.doFilter(OncePerRequestFilter.java:119)
	at org.apache.catalina.core.ApplicationFilterChain.internalDoFilter(ApplicationFilterChain.java:193)
	at org.apache.catalina.core.ApplicationFilterChain.doFilter(ApplicationFilterChain.java:166)
	at com.alibaba.nacos.naming.web.DistroFilter.doFilter(DistroFilter.java:96)
	at org.apache.catalina.core.ApplicationFilterChain.internalDoFilter(ApplicationFilterChain.java:193)
	at org.apache.catalina.core.ApplicationFilterChain.doFilter(ApplicationFilterChain.java:166)
	at com.alibaba.nacos.core.auth.AuthFilter.doFilter(AuthFilter.java:69)
	at org.apache.catalina.core.ApplicationFilterChain.internalDoFilter(ApplicationFilterChain.java:193)
	at org.apache.catalina.core.ApplicationFilterChain.doFilter(ApplicationFilterChain.java:166)
	at com.alibaba.nacos.naming.web.ServiceNameFilter.doFilter(ServiceNameFilter.java:68)
	at org.apache.catalina.core.ApplicationFilterChain.internalDoFilter(ApplicationFilterChain.java:193)
	at org.apache.catalina.core.ApplicationFilterChain.doFilter(ApplicationFilterChain.java:166)
	at com.alibaba.nacos.naming.web.TrafficReviseFilter.doFilter(TrafficReviseFilter.java:75)
	at org.apache.catalina.core.ApplicationFilterChain.internalDoFilter(ApplicationFilterChain.java:193)
	at org.apache.catalina.core.ApplicationFilterChain.doFilter(ApplicationFilterChain.java:166)
	at org.springframework.security.web.FilterChainProxy.doFilterInternal(FilterChainProxy.java:209)
	at org.springframework.security.web.FilterChainProxy.doFilter(FilterChainProxy.java:178)
	at org.springframework.web.filter.DelegatingFilterProxy.invokeDelegate(DelegatingFilterProxy.java:358)
	at org.springframework.web.filter.DelegatingFilterProxy.doFilter(DelegatingFilterProxy.java:271)
	at org.apache.catalina.core.ApplicationFilterChain.internalDoFilter(ApplicationFilterChain.java:193)
	at org.apache.catalina.core.ApplicationFilterChain.doFilter(ApplicationFilterChain.java:166)
	at org.springframework.web.filter.RequestContextFilter.doFilterInternal(RequestContextFilter.java:100)
	at org.springframework.web.filter.OncePerRequestFilter.doFilter(OncePerRequestFilter.java:119)
	at org.apache.catalina.core.ApplicationFilterChain.internalDoFilter(ApplicationFilterChain.java:193)
	at org.apache.catalina.core.ApplicationFilterChain.doFilter(ApplicationFilterChain.java:166)
	at org.springframework.web.filter.FormContentFilter.doFilterInternal(FormContentFilter.java:90)
	at org.springframework.web.filter.OncePerRequestFilter.doFilter(OncePerRequestFilter.java:119)
	at org.apache.catalina.core.ApplicationFilterChain.internalDoFilter(ApplicationFilterChain.java:193)
	at org.apache.catalina.core.ApplicationFilterChain.doFilter(ApplicationFilterChain.java:166)
	at org.springframework.web.filter.HiddenHttpMethodFilter.doFilterInternal(HiddenHttpMethodFilter.java:94)
	at org.springframework.web.filter.OncePerRequestFilter.doFilter(OncePerRequestFilter.java:119)
	at org.apache.catalina.core.ApplicationFilterChain.internalDoFilter(ApplicationFilterChain.java:193)
	at org.apache.catalina.core.ApplicationFilterChain.doFilter(ApplicationFilterChain.java:166)
	at org.springframework.boot.actuate.metrics.web.servlet.WebMvcMetricsFilter.filterAndRecordMetrics(WebMvcMetricsFilter.java:114)
	at org.springframework.boot.actuate.metrics.web.servlet.WebMvcMetricsFilter.doFilterInternal(WebMvcMetricsFilter.java:104)
	at org.springframework.web.filter.OncePerRequestFilter.doFilter(OncePerRequestFilter.java:119)
	at org.apache.catalina.core.ApplicationFilterChain.internalDoFilter(ApplicationFilterChain.java:193)
	at org.apache.catalina.core.ApplicationFilterChain.doFilter(ApplicationFilterChain.java:166)
	at org.springframework.web.filter.CharacterEncodingFilter.doFilterInternal(CharacterEncodingFilter.java:201)
	at org.springframework.web.filter.OncePerRequestFilter.doFilter(OncePerRequestFilter.java:119)
	at org.apache.catalina.core.ApplicationFilterChain.internalDoFilter(ApplicationFilterChain.java:193)
	at org.apache.catalina.core.ApplicationFilterChain.doFilter(ApplicationFilterChain.java:166)
	at org.apache.catalina.core.StandardWrapperValve.invoke(StandardWrapperValve.java:202)
	at org.apache.catalina.core.StandardContextValve.invoke(StandardContextValve.java:97)
	at org.apache.catalina.authenticator.AuthenticatorBase.invoke(AuthenticatorBase.java:541)
	at org.apache.catalina.core.StandardHostValve.invoke(StandardHostValve.java:143)
	at org.apache.catalina.valves.ErrorReportValve.invoke(ErrorReportValve.java:92)
	at org.apache.catalina.core.StandardEngineValve.invoke(StandardEngineValve.java:78)
	at org.apache.catalina.connector.CoyoteAdapter.service(CoyoteAdapter.java:343)
	at org.apache.coyote.http11.Http11Processor.service(Http11Processor.java:374)
	at org.apache.coyote.AbstractProcessorLight.process(AbstractProcessorLight.java:65)
	at org.apache.coyote.AbstractProtocol$ConnectionHandler.process(AbstractProtocol.java:868)
	at org.apache.tomcat.util.net.NioEndpoint$SocketProcessor.doRun(NioEndpoint.java:1590)
	at org.apache.tomcat.util.net.SocketProcessorBase.run(SocketProcessorBase.java:49)
	at java.util.concurrent.ThreadPoolExecutor.runWorker(ThreadPoolExecutor.java:1149)
	at java.util.concurrent.ThreadPoolExecutor$Worker.run(ThreadPoolExecutor.java:624)
	at org.apache.tomcat.util.threads.TaskThread$WrappingRunnable.run(TaskThread.java:61)
	at java.lang.Thread.run(Thread.java:748)
2021-06-22 15:41:49,498 INFO [capacityManagement] start correct usage

2021-06-22 15:41:49,499 INFO [capacityManagement] end correct usage, cost: 0s

2021-06-22 15:41:54,871 WARN clearConfigHistory start

2021-06-22 15:51:49,499 INFO [capacityManagement] start correct usage

2021-06-22 15:51:49,499 INFO [capacityManagement] end correct usage, cost: 0s

2021-06-22 15:51:54,871 WARN clearConfigHistory start

2021-06-22 16:01:49,500 INFO [capacityManagement] start correct usage

2021-06-22 16:01:49,501 INFO [capacityManagement] end correct usage, cost: 0s

2021-06-22 16:01:54,871 WARN clearConfigHistory start

2021-06-22 16:11:49,501 INFO [capacityManagement] start correct usage

2021-06-22 16:11:49,502 INFO [capacityManagement] end correct usage, cost: 0s

2021-06-22 16:11:54,872 WARN clearConfigHistory start

2021-06-22 16:21:49,502 INFO [capacityManagement] start correct usage

2021-06-22 16:21:49,503 INFO [capacityManagement] end correct usage, cost: 0s

2021-06-22 16:21:54,872 WARN clearConfigHistory start

2021-06-22 16:31:49,503 INFO [capacityManagement] start correct usage

2021-06-22 16:31:49,504 INFO [capacityManagement] end correct usage, cost: 0s

2021-06-22 16:31:54,881 WARN clearConfigHistory start

2021-06-22 16:41:49,504 INFO [capacityManagement] start correct usage

2021-06-22 16:41:49,505 INFO [capacityManagement] end correct usage, cost: 0s

2021-06-22 16:41:54,881 WARN clearConfigHistory start

2021-06-22 16:51:49,505 INFO [capacityManagement] start correct usage

2021-06-22 16:51:49,506 INFO [capacityManagement] end correct usage, cost: 0s

2021-06-22 16:51:54,882 WARN clearConfigHistory start

2021-06-22 17:01:49,506 INFO [capacityManagement] start correct usage

2021-06-22 17:01:49,507 INFO [capacityManagement] end correct usage, cost: 0s

2021-06-22 17:01:54,882 WARN clearConfigHistory start

