2021-06-22 05:07:08,608 ERROR ReadIndex has error : No leader at term 35.

2021-06-22 05:07:08,707 ERROR ReadIndex has error : No leader at term 35.

2021-06-22 05:07:08,847 ERROR Fail to refresh route configuration for group : naming_instance_metadata, status is : Status[UNKNOWN<-1>: handleRequest internal error]

2021-06-22 05:07:08,847 ERROR Fail to refresh route configuration for group : naming_persistent_service_v2, status is : Status[UNKNOWN<-1>: handleRequest internal error]

2021-06-22 05:07:08,850 ERROR Fail to refresh leader for group : naming_persistent_service, status is : Status[UNKNOWN<-1>: Unknown leader, Unknown leader, Unknown leader]

2021-06-22 05:07:08,854 ERROR Fail to refresh route configuration for group : naming_service_metadata, status is : Status[UNKNOWN<-1>: handleRequest internal error]

2021-06-22 05:07:08,854 ERROR Fail to refresh route configuration for group : nacos_config, status is : Status[UNKNOWN<-1>: handleRequest internal error]

2021-06-22 05:07:08,857 ERROR Fail to refresh route configuration for group : naming_persistent_service_v2, status is : Status[UNKNOWN<-1>: handleRequest internal error]

2021-06-22 05:07:08,861 ERROR Fail to refresh route configuration for group : naming_service_metadata, status is : Status[UNKNOWN<-1>: handleRequest internal error]

2021-06-22 05:07:08,878 ERROR Fail to refresh route configuration for group : naming_persistent_service_v2, status is : Status[UNKNOWN<-1>: handleRequest internal error]

2021-06-22 05:07:08,888 ERROR Fail to refresh route configuration for group : naming_service_metadata, status is : Status[UNKNOWN<-1>: handleRequest internal error]

2021-06-22 05:07:08,889 ERROR Fail to refresh route configuration for group : naming_persistent_service, status is : Status[UNKNOWN<-1>: handleRequest internal error]

2021-06-22 05:07:08,899 ERROR Fail to refresh leader for group : nacos_config, status is : Status[UNKNOWN<-1>: Unknown leader, Unknown leader, Unknown leader]

2021-06-22 05:07:08,910 ERROR Fail to refresh leader for group : naming_persistent_service, status is : Status[UNKNOWN<-1>: Unknown leader, Unknown leader, Unknown leader]

2021-06-22 05:07:08,920 ERROR Fail to refresh route configuration for group : naming_persistent_service, status is : Status[UNKNOWN<-1>: handleRequest internal error]

2021-06-22 05:07:08,925 ERROR Fail to refresh route configuration for group : nacos_config, status is : Status[UNKNOWN<-1>: handleRequest internal error]

2021-06-22 05:07:08,936 INFO This Raft event changes : RaftEvent{groupId='nacos_config', leader='nacos2:7848', term=36, raftClusterInfo=[nacos3:7848, nacos1:7848, nacos2:7848]}

2021-06-22 05:07:08,954 INFO This Raft event changes : RaftEvent{groupId='naming_instance_metadata', leader='nacos3:7848', term=34, raftClusterInfo=[nacos3:7848, nacos1:7848, nacos2:7848]}

2021-06-22 05:07:08,955 INFO This Raft event changes : RaftEvent{groupId='naming_persistent_service_v2', leader='nacos3:7848', term=34, raftClusterInfo=[nacos3:7848, nacos1:7848, nacos2:7848]}

2021-06-22 05:07:09,026 INFO This Raft event changes : RaftEvent{groupId='naming_persistent_service', leader='nacos2:7848', term=34, raftClusterInfo=[nacos3:7848, nacos1:7848, nacos2:7848]}

2021-06-22 05:07:09,035 ERROR Fail to refresh leader for group : naming_instance_metadata, status is : Status[UNKNOWN<-1>: Unknown leader, Unknown leader, Unknown leader]

2021-06-22 05:07:09,042 ERROR Fail to refresh route configuration for group : naming_instance_metadata, status is : Status[UNKNOWN<-1>: handleRequest internal error]

2021-06-22 05:07:09,057 INFO This Raft event changes : RaftEvent{groupId='naming_service_metadata', leader='nacos2:7848', term=33, raftClusterInfo=[nacos3:7848, nacos1:7848, nacos2:7848]}

2021-06-22 05:07:10,095 ERROR ReadIndex has error : read-index request timeout

2021-06-22 05:07:10,629 ERROR ReadIndex has error : read-index request timeout

