
         ,--.
       ,--.'|
   ,--,:  : |                                           Nacos 2.0.1
,`--.'`|  ' :                       ,---.               Running in cluster mode, All function modules
|   :  :  | |                      '   ,'\   .--.--.    Port: 8848
:   |   \ | :  ,--.--.     ,---.  /   /   | /  /    '   Pid: 24
|   : '  '; | /       \   /     \.   ; ,. :|  :  /`./   Console: http://nacos1:8848/nacos/index.html
'   ' ;.    ;.--.  .-. | /    / ''   | |: :|  :  ;_
|   | | \   | \__\/: . ..    ' / '   | .; : \  \    `.      https://nacos.io
'   : |  ; .' ," .--.; |'   ; :__|   :    |  `----.   \
|   | '`--'  /  /  ,.  |'   | '.'|\   \  /  /  /`--'  /
'   : |     ;  :   .'   \   :    : `----'  '--'.     /
;   |.'     |  ,     .-./\   \  /            `--'---'
'---'        `--`---'     `----'

2021-05-14 09:30:56,294 INFO The server IP list of Nacos is [nacos1:8848, nacos2:8848, nacos3:8848]

2021-05-14 09:30:57,302 INFO Nacos is starting...

2021-05-14 09:30:58,306 INFO Nacos is starting...

2021-05-14 09:30:59,328 INFO Nacos is starting...

2021-05-14 09:31:00,329 INFO Nacos is starting...

2021-05-14 09:31:01,358 INFO Nacos is starting...

2021-05-14 09:31:02,359 INFO Nacos is starting...

2021-05-14 09:31:03,362 INFO Nacos is starting...

2021-05-14 09:31:04,377 INFO Nacos is starting...

2021-05-14 09:31:05,469 INFO Nacos is starting...

2021-05-14 09:31:06,471 INFO Nacos is starting...

2021-05-14 09:31:07,473 INFO Nacos is starting...

2021-05-14 09:31:08,476 INFO Nacos is starting...

2021-05-14 09:31:09,482 INFO Nacos is starting...

2021-05-14 09:31:10,490 INFO Nacos is starting...

2021-05-14 09:31:11,493 INFO Nacos is starting...

2021-05-14 09:31:12,500 INFO Nacos is starting...

2021-05-14 09:31:13,502 INFO Nacos is starting...

2021-05-14 09:31:14,620 INFO Nacos is starting...

2021-05-14 09:31:15,621 INFO Nacos is starting...

2021-05-14 09:31:16,629 INFO Nacos is starting...

2021-05-14 09:31:17,632 INFO Nacos is starting...

2021-05-14 09:31:18,633 INFO Nacos is starting...

2021-05-14 09:31:19,634 INFO Nacos is starting...

2021-05-14 09:31:20,635 INFO Nacos is starting...

2021-05-14 09:31:21,638 INFO Nacos is starting...

2021-05-14 09:31:22,650 INFO Nacos is starting...

2021-05-14 09:31:23,651 INFO Nacos is starting...

2021-05-14 09:31:24,653 INFO Nacos is starting...

2021-05-14 09:31:25,653 INFO Nacos is starting...

2021-05-14 09:31:26,654 INFO Nacos is starting...

2021-05-14 09:31:27,658 INFO Nacos is starting...

2021-05-14 09:31:28,660 INFO Nacos is starting...

2021-05-14 09:31:29,663 INFO Nacos is starting...

2021-05-14 09:31:30,717 INFO Nacos is starting...

2021-05-14 09:31:31,753 INFO Nacos is starting...

2021-05-14 09:31:32,754 INFO Nacos is starting...

2021-05-14 09:31:33,769 INFO Nacos is starting...

2021-05-14 09:31:34,775 INFO Nacos is starting...

2021-05-14 09:31:35,782 INFO Nacos is starting...

2021-05-14 09:31:36,785 INFO Nacos is starting...

2021-05-14 09:31:37,790 INFO Nacos is starting...

2021-05-14 09:31:38,791 INFO Nacos is starting...

2021-05-14 09:31:39,795 INFO Nacos is starting...

2021-05-14 09:31:40,797 INFO Nacos is starting...

2021-05-14 09:31:41,810 INFO Nacos is starting...

2021-05-14 09:31:42,814 INFO Nacos is starting...

2021-05-14 09:31:43,818 INFO Nacos is starting...

2021-05-14 09:31:44,821 INFO Nacos is starting...

2021-05-14 09:31:45,201 INFO Nacos started successfully in cluster mode. use embedded storage

