2021-06-22 05:07:08,240 ERROR ReadIndex has error : No leader at term 35.

2021-06-22 05:07:08,293 INFO This Raft event changes : RaftEvent{groupId='naming_persistent_service', leader='nacos3:7848', term=33, raftClusterInfo=[nacos3:7848, nacos1:7848, nacos2:7848]}

2021-06-22 05:07:08,738 ERROR Fail to refresh route configuration for group : naming_service_metadata, status is : Status[UNKNOWN<-1>: handleRequest internal error]

2021-06-22 05:07:08,738 ERROR Fail to refresh route configuration for group : nacos_config, status is : Status[UNKNOWN<-1>: handleRequest internal error]

2021-06-22 05:07:08,773 ERROR Fail to refresh route configuration for group : naming_instance_metadata, status is : Status[UNKNOWN<-1>: handleRequest internal error]

2021-06-22 05:07:08,787 INFO This Raft event changes : RaftEvent{groupId='naming_instance_metadata', leader='nacos1:7848', term=33, raftClusterInfo=[nacos3:7848, nacos1:7848, nacos2:7848]}

2021-06-22 05:07:08,793 ERROR ReadIndex has error : No leader at term 35.

2021-06-22 05:07:08,794 INFO This Raft event changes : RaftEvent{groupId='naming_service_metadata', leader='nacos3:7848', term=32, raftClusterInfo=[nacos3:7848, nacos1:7848, nacos2:7848]}

2021-06-22 05:07:08,794 INFO This Raft event changes : RaftEvent{groupId='nacos_config', leader='nacos3:7848', term=35, raftClusterInfo=[nacos3:7848, nacos1:7848, nacos2:7848]}

2021-06-22 05:07:08,803 ERROR Fail to refresh route configuration for group : nacos_config, status is : Status[UNKNOWN<-1>: handleRequest internal error]

2021-06-22 05:07:08,803 ERROR Fail to refresh route configuration for group : naming_service_metadata, status is : Status[UNKNOWN<-1>: handleRequest internal error]

2021-06-22 05:07:08,842 ERROR Fail to refresh leader for group : naming_persistent_service, status is : Status[UNKNOWN<-1>: Unknown leader, Unknown leader, Unknown leader]

2021-06-22 05:07:08,842 ERROR Fail to refresh route configuration for group : naming_persistent_service_v2, status is : Status[UNKNOWN<-1>: handleRequest internal error]

2021-06-22 05:07:08,851 ERROR Fail to refresh route configuration for group : naming_persistent_service_v2, status is : Status[UNKNOWN<-1>: handleRequest internal error]

2021-06-22 05:07:08,898 ERROR Fail to refresh route configuration for group : naming_persistent_service, status is : Status[UNKNOWN<-1>: handleRequest internal error]

2021-06-22 05:07:08,907 ERROR Fail to refresh route configuration for group : naming_service_metadata, status is : Status[UNKNOWN<-1>: handleRequest internal error]

2021-06-22 05:07:09,011 INFO This Raft event changes : RaftEvent{groupId='naming_persistent_service_v2', leader='nacos3:7848', term=34, raftClusterInfo=[nacos3:7848, nacos1:7848, nacos2:7848]}

2021-06-22 05:07:09,042 INFO This Raft event changes : RaftEvent{groupId='nacos_config', leader='nacos2:7848', term=36, raftClusterInfo=[nacos3:7848, nacos1:7848, nacos2:7848]}

2021-06-22 05:07:09,047 INFO This Raft event changes : RaftEvent{groupId='naming_instance_metadata', leader='nacos3:7848', term=34, raftClusterInfo=[nacos3:7848, nacos1:7848, nacos2:7848]}

2021-06-22 05:07:09,072 INFO This Raft event changes : RaftEvent{groupId='naming_persistent_service', leader='nacos2:7848', term=34, raftClusterInfo=[nacos3:7848, nacos1:7848, nacos2:7848]}

2021-06-22 05:07:09,716 INFO This Raft event changes : RaftEvent{groupId='naming_service_metadata', leader='nacos2:7848', term=33, raftClusterInfo=[nacos3:7848, nacos1:7848, nacos2:7848]}

2021-06-22 05:07:10,092 ERROR ReadIndex has error : read-index request timeout

2021-06-22 05:07:10,354 ERROR ReadIndex has error : read-index request timeout

