
         ,--.
       ,--.'|
   ,--,:  : |                                           Nacos 2.0.1
,`--.'`|  ' :                       ,---.               Running in cluster mode, All function modules
|   :  :  | |                      '   ,'\   .--.--.    Port: 8848
:   |   \ | :  ,--.--.     ,---.  /   /   | /  /    '   Pid: 24
|   : '  '; | /       \   /     \.   ; ,. :|  :  /`./   Console: http://nacos2:8848/nacos/index.html
'   ' ;.    ;.--.  .-. | /    / ''   | |: :|  :  ;_
|   | | \   | \__\/: . ..    ' / '   | .; : \  \    `.      https://nacos.io
'   : |  ; .' ," .--.; |'   ; :__|   :    |  `----.   \
|   | '`--'  /  /  ,.  |'   | '.'|\   \  /  /  /`--'  /
'   : |     ;  :   .'   \   :    : `----'  '--'.     /
;   |.'     |  ,     .-./\   \  /            `--'---'
'---'        `--`---'     `----'

2021-05-14 09:30:56,051 INFO The server IP list of Nacos is [nacos1:8848, nacos2:8848, nacos3:8848]

2021-05-14 09:30:57,056 INFO Nacos is starting...

2021-05-14 09:30:58,154 INFO Nacos is starting...

2021-05-14 09:30:59,166 INFO Nacos is starting...

2021-05-14 09:31:00,170 INFO Nacos is starting...

2021-05-14 09:31:01,173 INFO Nacos is starting...

2021-05-14 09:31:02,189 INFO Nacos is starting...

2021-05-14 09:31:03,194 INFO Nacos is starting...

2021-05-14 09:31:04,201 INFO Nacos is starting...

2021-05-14 09:31:05,202 INFO Nacos is starting...

2021-05-14 09:31:06,203 INFO Nacos is starting...

2021-05-14 09:31:07,208 INFO Nacos is starting...

2021-05-14 09:31:08,213 INFO Nacos is starting...

2021-05-14 09:31:09,216 INFO Nacos is starting...

2021-05-14 09:31:10,225 INFO Nacos is starting...

2021-05-14 09:31:11,236 INFO Nacos is starting...

2021-05-14 09:31:12,237 INFO Nacos is starting...

2021-05-14 09:31:13,242 INFO Nacos is starting...

2021-05-14 09:31:14,246 INFO Nacos is starting...

2021-05-14 09:31:15,251 INFO Nacos is starting...

2021-05-14 09:31:16,254 INFO Nacos is starting...

2021-05-14 09:31:17,262 INFO Nacos is starting...

2021-05-14 09:31:18,263 INFO Nacos is starting...

2021-05-14 09:31:19,266 INFO Nacos is starting...

2021-05-14 09:31:20,351 INFO Nacos is starting...

2021-05-14 09:31:21,353 INFO Nacos is starting...

2021-05-14 09:31:22,360 INFO Nacos is starting...

2021-05-14 09:31:23,380 INFO Nacos is starting...

2021-05-14 09:31:24,381 INFO Nacos is starting...

2021-05-14 09:31:25,384 INFO Nacos is starting...

2021-05-14 09:31:26,389 INFO Nacos is starting...

2021-05-14 09:31:27,397 INFO Nacos is starting...

2021-05-14 09:31:28,399 INFO Nacos is starting...

2021-05-14 09:31:29,409 INFO Nacos is starting...

2021-05-14 09:31:30,413 INFO Nacos is starting...

2021-05-14 09:31:31,414 INFO Nacos is starting...

2021-05-14 09:31:32,419 INFO Nacos is starting...

2021-05-14 09:31:33,429 INFO Nacos is starting...

2021-05-14 09:31:34,434 INFO Nacos is starting...

2021-05-14 09:31:35,435 INFO Nacos is starting...

2021-05-14 09:31:36,439 INFO Nacos is starting...

2021-05-14 09:31:37,445 INFO Nacos is starting...

2021-05-14 09:31:38,449 INFO Nacos is starting...

2021-05-14 09:31:39,462 INFO Nacos is starting...

2021-05-14 09:31:40,471 INFO Nacos is starting...

2021-05-14 09:31:41,479 INFO Nacos is starting...

2021-05-14 09:31:42,490 INFO Nacos is starting...

2021-05-14 09:31:43,670 INFO Nacos is starting...

2021-05-14 09:31:44,704 INFO Nacos is starting...

2021-05-14 09:31:45,673 INFO Nacos started successfully in cluster mode. use embedded storage

